Change Component Designator: Old Designator=C75 New Designator=C122
Change Component Designator: Old Designator=C76 New Designator=C123
Change Component Designator: Old Designator=C77 New Designator=C124
Change Component Designator: Old Designator=C78 New Designator=C125
Change Component Designator: Old Designator=C79 New Designator=C126
Change Component Designator: Old Designator=C80 New Designator=C127
Change Component Designator: Old Designator=C81 New Designator=C128
Change Component Designator: Old Designator=C82 New Designator=C129
Change Component Designator: Old Designator=C83 New Designator=C130
Change Component Designator: Old Designator=C84 New Designator=C131
Change Component Designator: Old Designator=C85 New Designator=C132
Change Component Designator: Old Designator=C86 New Designator=C133
Change Component Designator: Old Designator=C87 New Designator=C134
Change Component Designator: Old Designator=C88 New Designator=C135
Change Component Designator: Old Designator=C89 New Designator=C136
Change Component Designator: Old Designator=C90 New Designator=C137
Change Component Designator: Old Designator=C91 New Designator=C138
Change Component Designator: Old Designator=C92 New Designator=C139
Change Component Designator: Old Designator=C94 New Designator=C140
Change Component Designator: Old Designator=JP2 New Designator=JP7
Change Component Designator: Old Designator=R26 New Designator=R57
Change Component Designator: Old Designator=R27 New Designator=R58
Change Component Designator: Old Designator=R28 New Designator=R59
Change Component Designator: Old Designator=R29 New Designator=R60
Change Component Designator: Old Designator=R30 New Designator=R61
Change Component Designator: Old Designator=U7 New Designator=U16
Change Component Designator: Old Designator=U7 New Designator=U16
Change Component Designator: Old Designator=U7 New Designator=U16
Change Component Designator: Old Designator=X1 New Designator=X2
