Removed Pin From Net: NetName=5V Pin=C3-1
Removed Pin From Net: NetName=5V Pin=C4-1
Removed Pin From Net: NetName=5V Pin=C5-1
Removed Pin From Net: NetName=5V Pin=C6-1
Removed Pin From Net: NetName=5V Pin=C7-1
Removed Pin From Net: NetName=GND Pin=C10-1
Removed Pin From Net: NetName=GND Pin=C11-1
Removed Pin From Net: NetName=5V Pin=C12-1
Removed Pin From Net: NetName=GND Pin=CP2-1
Removed Pin From Net: NetName=5V Pin=JP3-2
Removed Pin From Net: NetName=5V Pin=JP3-2
Removed Pin From Net: NetName=5V Pin=L1-2
Removed Pin From Net: NetName=Vpower Pin=NT2-1
Removed Pin From Net: NetName=5V Pin=R9-2
Removed Pin From Net: NetName=GND Pin=R11-2
Removed Pin From Net: NetName=GND Pin=R12-2
Removed Pin From Net: NetName=GND Pin=R13-2
Removed Pin From Net: NetName=GND Pin=U2-6
Removed Pin From Net: NetName=5V Pin=U2-10
Removed Pin From Net: NetName=5V Pin=U2-17
Added Pin To Net: NetName=PGND Pin=C10-1
Added Pin To Net: NetName=PGND Pin=C11-1
Added Pin To Net: NetName=Vpower Pin=CP1-1
Added Pin To Net: NetName=PGND Pin=CP2-1
Added Pin To Net: NetName=Vpower Pin=CP2-2
Added Pin To Net: NetName=5V Pin=NT2-2
Added Pin To Net: NetName=Vpower Pin=R7-1
Added Pin To Net: NetName=Vpower Pin=R8-2
Added Pin To Net: NetName=PGND Pin=R11-2
Added Pin To Net: NetName=PGND Pin=R12-2
Added Pin To Net: NetName=PGND Pin=R13-2
Added Pin To Net: NetName=Vpower Pin=U2-1
Added Pin To Net: NetName=PGND Pin=U2-6
Added Pin To Net: NetName=5V_P Pin=C3-1
Added Pin To Net: NetName=5V_P Pin=C4-1
Added Pin To Net: NetName=5V_P Pin=C5-1
Added Pin To Net: NetName=5V_P Pin=C6-1
Added Pin To Net: NetName=5V_P Pin=C7-1
Added Pin To Net: NetName=5V_P Pin=C12-1
Added Pin To Net: NetName=5V_P Pin=JP3-2
Added Pin To Net: NetName=5V_P Pin=JP3-2
Added Pin To Net: NetName=5V_P Pin=L1-2
Added Pin To Net: NetName=5V_P Pin=NT2-1
Added Pin To Net: NetName=5V_P Pin=R9-2
Added Pin To Net: NetName=5V_P Pin=U2-10
Added Pin To Net: NetName=5V_P Pin=U2-17
Added Net: Name=5V_P
