Change Component Designator: OldDesignator=C2 NewDesignator=C145
Change Component Designator: OldDesignator=C3 NewDesignator=C2
Change Component Designator: OldDesignator=C4 NewDesignator=C3
Change Component Designator: OldDesignator=C5 NewDesignator=C4
Change Component Designator: OldDesignator=C6 NewDesignator=C5
Change Component Designator: OldDesignator=C7 NewDesignator=C6
Change Component Designator: OldDesignator=C8 NewDesignator=C7
Change Component Designator: OldDesignator=C9 NewDesignator=C8
Change Component Designator: OldDesignator=C10 NewDesignator=C9
Change Component Designator: OldDesignator=C11 NewDesignator=C10
Change Component Designator: OldDesignator=C12 NewDesignator=C11
Change Component Designator: OldDesignator=C13 NewDesignator=C12
Change Component Designator: OldDesignator=C14 NewDesignator=C13
Change Component Designator: OldDesignator=C15 NewDesignator=C14
Change Component Designator: OldDesignator=C16 NewDesignator=C15
Change Component Designator: OldDesignator=C17 NewDesignator=C16
Change Component Designator: OldDesignator=C18 NewDesignator=C17
Change Component Designator: OldDesignator=C19 NewDesignator=C18
Change Component Designator: OldDesignator=C20 NewDesignator=C19
Change Component Designator: OldDesignator=C21 NewDesignator=C20
Change Component Designator: OldDesignator=C22 NewDesignator=C21
Change Component Designator: OldDesignator=C23 NewDesignator=C22
Change Component Designator: OldDesignator=C24 NewDesignator=C23
Change Component Designator: OldDesignator=C25 NewDesignator=C24
Change Component Designator: OldDesignator=C26 NewDesignator=C25
Change Component Designator: OldDesignator=C27 NewDesignator=C26
Change Component Designator: OldDesignator=C28 NewDesignator=C27
Change Component Designator: OldDesignator=C29 NewDesignator=C28
Change Component Designator: OldDesignator=C30 NewDesignator=C29
Change Component Designator: OldDesignator=C31 NewDesignator=C30
Change Component Designator: OldDesignator=C32 NewDesignator=C31
Change Component Designator: OldDesignator=C33 NewDesignator=C32
Change Component Designator: OldDesignator=C34 NewDesignator=C33
Change Component Designator: OldDesignator=C35 NewDesignator=C34
Change Component Designator: OldDesignator=C36 NewDesignator=C35
Change Component Designator: OldDesignator=C37 NewDesignator=C36
Change Component Designator: OldDesignator=C38 NewDesignator=C37
Change Component Designator: OldDesignator=C39 NewDesignator=C38
Change Component Designator: OldDesignator=C40 NewDesignator=C39
Change Component Designator: OldDesignator=C41 NewDesignator=C40
Change Component Designator: OldDesignator=C42 NewDesignator=C41
Change Component Designator: OldDesignator=C43 NewDesignator=C42
Change Component Designator: OldDesignator=C44 NewDesignator=C43
Change Component Designator: OldDesignator=C45 NewDesignator=C44
Change Component Designator: OldDesignator=C46 NewDesignator=C45
Change Component Designator: OldDesignator=C47 NewDesignator=C46
Change Component Designator: OldDesignator=C48 NewDesignator=C47
Change Component Designator: OldDesignator=C49 NewDesignator=C48
Change Component Designator: OldDesignator=C50 NewDesignator=C49
Change Component Designator: OldDesignator=C51 NewDesignator=C50
Change Component Designator: OldDesignator=C52 NewDesignator=C51
Change Component Designator: OldDesignator=C53 NewDesignator=C52
Change Component Designator: OldDesignator=C54 NewDesignator=C53
Change Component Designator: OldDesignator=C55 NewDesignator=C54
Change Component Designator: OldDesignator=C56 NewDesignator=C55
Change Component Designator: OldDesignator=C57 NewDesignator=C56
Change Component Designator: OldDesignator=C58 NewDesignator=C57
Change Component Designator: OldDesignator=C59 NewDesignator=C58
Change Component Designator: OldDesignator=C60 NewDesignator=C59
Change Component Designator: OldDesignator=C61 NewDesignator=C60
Change Component Designator: OldDesignator=C62 NewDesignator=C61
Change Component Designator: OldDesignator=C63 NewDesignator=C62
Change Component Designator: OldDesignator=C64 NewDesignator=C63
Change Component Designator: OldDesignator=C65 NewDesignator=C64
Change Component Designator: OldDesignator=C66 NewDesignator=C65
Change Component Designator: OldDesignator=C67 NewDesignator=C66
Change Component Designator: OldDesignator=C68 NewDesignator=C67
Change Component Designator: OldDesignator=C69 NewDesignator=C68
Change Component Designator: OldDesignator=C70 NewDesignator=C69
Change Component Designator: OldDesignator=C71 NewDesignator=C70
Change Component Designator: OldDesignator=C72 NewDesignator=C71
Change Component Designator: OldDesignator=C73 NewDesignator=C72
Change Component Designator: OldDesignator=C74 NewDesignator=C73
Change Component Designator: OldDesignator=C75 NewDesignator=C74
Change Component Designator: OldDesignator=C76 NewDesignator=C75
Change Component Designator: OldDesignator=C77 NewDesignator=C76
Change Component Designator: OldDesignator=C78 NewDesignator=C77
Change Component Designator: OldDesignator=C79 NewDesignator=C78
Change Component Designator: OldDesignator=C80 NewDesignator=C79
Change Component Designator: OldDesignator=C81 NewDesignator=C80
Change Component Designator: OldDesignator=C82 NewDesignator=C81
Change Component Designator: OldDesignator=C83 NewDesignator=C82
Change Component Designator: OldDesignator=C84 NewDesignator=C83
Change Component Designator: OldDesignator=C85 NewDesignator=C84
Change Component Designator: OldDesignator=C86 NewDesignator=C85
Change Component Designator: OldDesignator=C87 NewDesignator=C86
Change Component Designator: OldDesignator=C88 NewDesignator=C87
Change Component Designator: OldDesignator=C89 NewDesignator=C88
Change Component Designator: OldDesignator=C90 NewDesignator=C89
Change Component Designator: OldDesignator=C100 NewDesignator=C101
Change Component Designator: OldDesignator=C101 NewDesignator=C102
Change Component Designator: OldDesignator=C102 NewDesignator=C103
Change Component Designator: OldDesignator=C103 NewDesignator=C104
Change Component Designator: OldDesignator=C104 NewDesignator=C105
Change Component Designator: OldDesignator=C105 NewDesignator=C106
Change Component Designator: OldDesignator=C106 NewDesignator=C107
Change Component Designator: OldDesignator=C107 NewDesignator=C108
Change Component Designator: OldDesignator=C108 NewDesignator=C109
Change Component Designator: OldDesignator=C109 NewDesignator=C110
Change Component Designator: OldDesignator=C110 NewDesignator=C111
Change Component Designator: OldDesignator=C111 NewDesignator=C112
Change Component Designator: OldDesignator=C112 NewDesignator=C113
Change Component Designator: OldDesignator=C113 NewDesignator=C114
Change Component Designator: OldDesignator=C114 NewDesignator=C115
Change Component Designator: OldDesignator=C115 NewDesignator=C116
Change Component Designator: OldDesignator=C116 NewDesignator=C117
Change Component Designator: OldDesignator=C117 NewDesignator=C118
Change Component Designator: OldDesignator=C118 NewDesignator=C119
Change Component Designator: OldDesignator=C119 NewDesignator=C120
Change Component Designator: OldDesignator=C120 NewDesignator=C121
Change Component Designator: OldDesignator=C121 NewDesignator=C122
Change Component Designator: OldDesignator=C122 NewDesignator=C123
Change Component Designator: OldDesignator=C123 NewDesignator=C124
Change Component Designator: OldDesignator=C124 NewDesignator=C125
Change Component Designator: OldDesignator=C125 NewDesignator=C126
Change Component Designator: OldDesignator=C126 NewDesignator=C127
Change Component Designator: OldDesignator=C127 NewDesignator=C128
Change Component Designator: OldDesignator=C128 NewDesignator=C129
Change Component Designator: OldDesignator=C129 NewDesignator=C130
Change Component Designator: OldDesignator=C130 NewDesignator=C131
Change Component Designator: OldDesignator=C131 NewDesignator=C132
Change Component Designator: OldDesignator=C132 NewDesignator=C133
Change Component Designator: OldDesignator=C133 NewDesignator=C134
Change Component Designator: OldDesignator=C134 NewDesignator=C135
Change Component Designator: OldDesignator=C135 NewDesignator=C136
Change Component Designator: OldDesignator=C136 NewDesignator=C137
Change Component Designator: OldDesignator=C137 NewDesignator=C138
Change Component Designator: OldDesignator=C138 NewDesignator=C139
Change Component Designator: OldDesignator=C139 NewDesignator=C140
Change Component Designator: OldDesignator=C140 NewDesignator=C141
Change Component Designator: OldDesignator=C141 NewDesignator=C142
Change Component Designator: OldDesignator=C142 NewDesignator=C143
Change Component Designator: OldDesignator=C143 NewDesignator=C144
Change Component Designator: OldDesignator=C144 NewDesignator=C146
Change Component Designator: OldDesignator=R7 NewDesignator=R63
Change Component Designator: OldDesignator=R9 NewDesignator=R7
Change Component Designator: OldDesignator=R10 NewDesignator=R8
Change Component Designator: OldDesignator=R11 NewDesignator=R9
Change Component Designator: OldDesignator=R12 NewDesignator=R10
Change Component Designator: OldDesignator=R13 NewDesignator=R11
Change Component Designator: OldDesignator=R14 NewDesignator=R12
Change Component Designator: OldDesignator=R15 NewDesignator=R13
Change Component Designator: OldDesignator=R16 NewDesignator=R14
Change Component Designator: OldDesignator=R17 NewDesignator=R15
Change Component Designator: OldDesignator=R18 NewDesignator=R16
Change Component Designator: OldDesignator=R19 NewDesignator=R17
Change Component Designator: OldDesignator=R20 NewDesignator=R18
Change Component Designator: OldDesignator=R21 NewDesignator=R19
Change Component Designator: OldDesignator=R22 NewDesignator=R20
Change Component Designator: OldDesignator=R23 NewDesignator=R21
Change Component Designator: OldDesignator=R24 NewDesignator=R22
Change Component Designator: OldDesignator=R25 NewDesignator=R23
Change Component Designator: OldDesignator=R26 NewDesignator=R24
Change Component Designator: OldDesignator=R27 NewDesignator=R25
Change Component Designator: OldDesignator=R28 NewDesignator=R26
Change Component Designator: OldDesignator=R29 NewDesignator=R27
Change Component Designator: OldDesignator=R30 NewDesignator=R28
Change Component Designator: OldDesignator=R31 NewDesignator=R29
Change Component Designator: OldDesignator=R32 NewDesignator=R30
Change Component Designator: OldDesignator=R33 NewDesignator=R31
Change Component Designator: OldDesignator=R34 NewDesignator=R32
Change Component Designator: OldDesignator=R35 NewDesignator=R33
Change Component Designator: OldDesignator=R36 NewDesignator=R34
Change Component Designator: OldDesignator=R37 NewDesignator=R35
Change Component Designator: OldDesignator=R38 NewDesignator=R36
Change Component Designator: OldDesignator=R39 NewDesignator=R37
Change Component Designator: OldDesignator=R40 NewDesignator=R38
Change Component Designator: OldDesignator=R41 NewDesignator=R39
Change Component Designator: OldDesignator=R42 NewDesignator=R40
Change Component Designator: OldDesignator=R43 NewDesignator=R41
Change Component Designator: OldDesignator=R44 NewDesignator=R42
Change Component Designator: OldDesignator=R45 NewDesignator=R43
Change Component Designator: OldDesignator=R46 NewDesignator=R44
Change Component Designator: OldDesignator=R47 NewDesignator=R45
Change Component Designator: OldDesignator=R48 NewDesignator=R46
Change Component Designator: OldDesignator=R49 NewDesignator=R47
Change Component Designator: OldDesignator=R50 NewDesignator=R48
Change Component Designator: OldDesignator=R51 NewDesignator=R49
Change Component Designator: OldDesignator=R52 NewDesignator=R50
Change Component Designator: OldDesignator=R53 NewDesignator=R51
Change Component Designator: OldDesignator=R54 NewDesignator=R52
Change Component Designator: OldDesignator=R55 NewDesignator=R53
Change Component Designator: OldDesignator=R56 NewDesignator=R54
Change Component Designator: OldDesignator=R57 NewDesignator=R55
Change Component Designator: OldDesignator=R58 NewDesignator=R56
Change Component Designator: OldDesignator=R59 NewDesignator=R57
Change Component Designator: OldDesignator=R60 NewDesignator=R58
Change Component Designator: OldDesignator=R61 NewDesignator=R59
Change Component Designator: OldDesignator=R63 NewDesignator=R60
Change Component Designator: OldDesignator=R64 NewDesignator=R61
Change Component Designator: OldDesignator=R65 NewDesignator=R62
Change Component Designator: OldDesignator=U2 NewDesignator=U16
Change Component Designator: OldDesignator=U3 NewDesignator=U2
Change Component Designator: OldDesignator=U4 NewDesignator=U3
Change Component Designator: OldDesignator=U5 NewDesignator=U4
Change Component Designator: OldDesignator=U6 NewDesignator=U5
Change Component Designator: OldDesignator=U7 NewDesignator=U6
Change Component Designator: OldDesignator=U8 NewDesignator=U7
Change Component Designator: OldDesignator=U9 NewDesignator=U8
Change Component Designator: OldDesignator=U10 NewDesignator=U9
Change Component Designator: OldDesignator=U11 NewDesignator=U10
Change Component Designator: OldDesignator=U12 NewDesignator=U11
Change Component Designator: OldDesignator=U13 NewDesignator=U12
Change Component Designator: OldDesignator=U14 NewDesignator=U13
Change Component Designator: OldDesignator=U15 NewDesignator=U14
Change Component Designator: OldDesignator=U16 NewDesignator=U15
Added Component: Designator=C90(C0402)
Added Component: Designator=C100(C0402)
Added Pin To Net: NetName=GND Pin=C90-1
Added Pin To Net: NetName=1V2 Pin=C90-2
Added Pin To Net: NetName=GND Pin=C100-1
Added Pin To Net: NetName=1V2 Pin=C100-2
Change Net Name : Old Net Name=NetC3_1 New Net Name=NetC2_1
Change Net Name : Old Net Name=NetC3_2 New Net Name=NetC2_2
Change Net Name : Old Net Name=NetC9_1 New Net Name=NetC8_1
Change Net Name : Old Net Name=NetC9_2 New Net Name=NetC8_2
Change Net Name : Old Net Name=NetC10_1 New Net Name=NetC9_1
Change Net Name : Old Net Name=NetC11_2 New Net Name=NetC10_2
Change Net Name : Old Net Name=NetC12_2 New Net Name=NetC11_2
Change Net Name : Old Net Name=NetC14_1 New Net Name=NetC13_1
Change Net Name : Old Net Name=NetC15_1 New Net Name=NetC14_1
Change Net Name : Old Net Name=NetC15_2 New Net Name=NetC14_2
Change Net Name : Old Net Name=NetC16_1 New Net Name=NetC15_1
Change Net Name : Old Net Name=NetC16_2 New Net Name=NetC15_2
Change Net Name : Old Net Name=NetC17_1 New Net Name=NetC16_1
Change Net Name : Old Net Name=NetC17_2 New Net Name=NetC16_2
Change Net Name : Old Net Name=NetC30_1 New Net Name=NetC29_1
Change Net Name : Old Net Name=NetC34_1 New Net Name=NetC33_1
Change Net Name : Old Net Name=NetC34_2 New Net Name=NetC33_2
Change Net Name : Old Net Name=NetC41_2 New Net Name=NetC40_2
Change Net Name : Old Net Name=NetC49_1 New Net Name=NetC48_1
Change Net Name : Old Net Name=NetC50_1 New Net Name=NetC49_1
Change Net Name : Old Net Name=NetC51_1 New Net Name=NetC50_1
Change Net Name : Old Net Name=NetC55_1 New Net Name=NetC54_1
Change Net Name : Old Net Name=NetC137_1 New Net Name=NetC138_1
Change Net Name : Old Net Name=NetC139_2 New Net Name=NetC140_2
Change Net Name : Old Net Name=NetC140_2 New Net Name=NetC141_2
Change Net Name : Old Net Name=NetR9_2 New Net Name=NetR7_2
Change Net Name : Old Net Name=NetR10_1 New Net Name=NetR8_1
Change Net Name : Old Net Name=NetR15_1 New Net Name=NetR13_1
Change Net Name : Old Net Name=NetR16_2 New Net Name=NetR14_2
Change Net Name : Old Net Name=NetR17_2 New Net Name=NetR15_2
Change Net Name : Old Net Name=NetR18_2 New Net Name=NetR16_2
Change Net Name : Old Net Name=NetR19_1 New Net Name=NetR17_1
Change Net Name : Old Net Name=NetR20_1 New Net Name=NetR18_1
Change Net Name : Old Net Name=NetR21_1 New Net Name=NetR19_1
Change Net Name : Old Net Name=NetR22_2 New Net Name=NetR20_2
Change Net Name : Old Net Name=NetR23_2 New Net Name=NetR21_2
Change Net Name : Old Net Name=NetR24_2 New Net Name=NetR22_2
Change Net Name : Old Net Name=NetR30_1 New Net Name=NetR28_1
Change Net Name : Old Net Name=NetR31_1 New Net Name=NetR29_1
Change Net Name : Old Net Name=NetR35_2 New Net Name=NetR33_2
Change Net Name : Old Net Name=NetR41_2 New Net Name=NetR39_2
Change Net Name : Old Net Name=NetR44_2 New Net Name=NetR42_2
Change Net Name : Old Net Name=NetR46_2 New Net Name=NetR44_2
Change Net Name : Old Net Name=NetR54_2 New Net Name=NetR52_2
Change Net Name : Old Net Name=NetR55_1 New Net Name=NetR53_1
Change Net Name : Old Net Name=NetR59_2 New Net Name=NetR57_2
Change Net Name : Old Net Name=NetR60_2 New Net Name=NetR58_2
Change Net Name : Old Net Name=NetU14_A3 New Net Name=NetU13_A3
Change Net Name : Old Net Name=NetU14_A4 New Net Name=NetU13_A4
Change Net Name : Old Net Name=NetU14_A5 New Net Name=NetU13_A5
Change Net Name : Old Net Name=NetU14_A6 New Net Name=NetU13_A6
Change Net Name : Old Net Name=NetU14_A7 New Net Name=NetU13_A7
Change Net Name : Old Net Name=NetU14_A8 New Net Name=NetU13_A8
Change Net Name : Old Net Name=NetU14_A9 New Net Name=NetU13_A9
Change Net Name : Old Net Name=NetU14_A10 New Net Name=NetU13_A10
Change Net Name : Old Net Name=NetU14_A13 New Net Name=NetU13_A13
Change Net Name : Old Net Name=NetU14_A14 New Net Name=NetU13_A14
Change Net Name : Old Net Name=NetU14_A15 New Net Name=NetU13_A15
Change Net Name : Old Net Name=NetU14_A16 New Net Name=NetU13_A16
Change Net Name : Old Net Name=NetU14_A17 New Net Name=NetU13_A17
Change Net Name : Old Net Name=NetU14_A18 New Net Name=NetU13_A18
Change Net Name : Old Net Name=NetU14_A19 New Net Name=NetU13_A19
Change Net Name : Old Net Name=NetU14_A20 New Net Name=NetU13_A20
Change Net Name : Old Net Name=NetU14_AA1 New Net Name=NetU13_AA1
Change Net Name : Old Net Name=NetU14_AA3 New Net Name=NetU13_AA3
Change Net Name : Old Net Name=NetU14_AA4 New Net Name=NetU13_AA4
Change Net Name : Old Net Name=NetU14_AA5 New Net Name=NetU13_AA5
Change Net Name : Old Net Name=NetU14_AA6 New Net Name=NetU13_AA6
Change Net Name : Old Net Name=NetU14_AA7 New Net Name=NetU13_AA7
Change Net Name : Old Net Name=NetU14_AA8 New Net Name=NetU13_AA8
Change Net Name : Old Net Name=NetU14_AA9 New Net Name=NetU13_AA9
Change Net Name : Old Net Name=NetU14_AA10 New Net Name=NetU13_AA10
Change Net Name : Old Net Name=NetU14_AA13 New Net Name=NetU13_AA13
Change Net Name : Old Net Name=NetU14_AA14 New Net Name=NetU13_AA14
Change Net Name : Old Net Name=NetU14_AA15 New Net Name=NetU13_AA15
Change Net Name : Old Net Name=NetU14_AA16 New Net Name=NetU13_AA16
Change Net Name : Old Net Name=NetU14_AA17 New Net Name=NetU13_AA17
Change Net Name : Old Net Name=NetU14_AA18 New Net Name=NetU13_AA18
Change Net Name : Old Net Name=NetU14_AA19 New Net Name=NetU13_AA19
Change Net Name : Old Net Name=NetU14_AA20 New Net Name=NetU13_AA20
Change Net Name : Old Net Name=NetU14_AA21 New Net Name=NetU13_AA21
Change Net Name : Old Net Name=NetU14_AB3 New Net Name=NetU13_AB3
Change Net Name : Old Net Name=NetU14_AB4 New Net Name=NetU13_AB4
Change Net Name : Old Net Name=NetU14_AB5 New Net Name=NetU13_AB5
Change Net Name : Old Net Name=NetU14_AB6 New Net Name=NetU13_AB6
Change Net Name : Old Net Name=NetU14_AB7 New Net Name=NetU13_AB7
Change Net Name : Old Net Name=NetU14_AB8 New Net Name=NetU13_AB8
Change Net Name : Old Net Name=NetU14_AB9 New Net Name=NetU13_AB9
Change Net Name : Old Net Name=NetU14_AB10 New Net Name=NetU13_AB10
Change Net Name : Old Net Name=NetU14_AB13 New Net Name=NetU13_AB13
Change Net Name : Old Net Name=NetU14_AB14 New Net Name=NetU13_AB14
Change Net Name : Old Net Name=NetU14_AB15 New Net Name=NetU13_AB15
Change Net Name : Old Net Name=NetU14_AB16 New Net Name=NetU13_AB16
Change Net Name : Old Net Name=NetU14_AB17 New Net Name=NetU13_AB17
Change Net Name : Old Net Name=NetU14_AB18 New Net Name=NetU13_AB18
Change Net Name : Old Net Name=NetU14_AB19 New Net Name=NetU13_AB19
Change Net Name : Old Net Name=NetU14_AB20 New Net Name=NetU13_AB20
Change Net Name : Old Net Name=NetU14_B1 New Net Name=NetU13_B1
Change Net Name : Old Net Name=NetU14_B2 New Net Name=NetU13_B2
Change Net Name : Old Net Name=NetU14_B3 New Net Name=NetU13_B3
Change Net Name : Old Net Name=NetU14_B4 New Net Name=NetU13_B4
Change Net Name : Old Net Name=NetU14_B5 New Net Name=NetU13_B5
Change Net Name : Old Net Name=NetU14_B6 New Net Name=NetU13_B6
Change Net Name : Old Net Name=NetU14_B7 New Net Name=NetU13_B7
Change Net Name : Old Net Name=NetU14_B8 New Net Name=NetU13_B8
Change Net Name : Old Net Name=NetU14_B9 New Net Name=NetU13_B9
Change Net Name : Old Net Name=NetU14_B10 New Net Name=NetU13_B10
Change Net Name : Old Net Name=NetU14_B13 New Net Name=NetU13_B13
Change Net Name : Old Net Name=NetU14_B14 New Net Name=NetU13_B14
Change Net Name : Old Net Name=NetU14_B15 New Net Name=NetU13_B15
Change Net Name : Old Net Name=NetU14_B16 New Net Name=NetU13_B16
Change Net Name : Old Net Name=NetU14_B17 New Net Name=NetU13_B17
Change Net Name : Old Net Name=NetU14_B18 New Net Name=NetU13_B18
Change Net Name : Old Net Name=NetU14_B19 New Net Name=NetU13_B19
Change Net Name : Old Net Name=NetU14_B20 New Net Name=NetU13_B20
Change Net Name : Old Net Name=NetU14_B21 New Net Name=NetU13_B21
Change Net Name : Old Net Name=NetU14_B22 New Net Name=NetU13_B22
Change Net Name : Old Net Name=NetU14_C1 New Net Name=NetU13_C1
Change Net Name : Old Net Name=NetU14_C2 New Net Name=NetU13_C2
Change Net Name : Old Net Name=NetU14_C3 New Net Name=NetU13_C3
Change Net Name : Old Net Name=NetU14_C4 New Net Name=NetU13_C4
Change Net Name : Old Net Name=NetU14_C6 New Net Name=NetU13_C6
Change Net Name : Old Net Name=NetU14_C7 New Net Name=NetU13_C7
Change Net Name : Old Net Name=NetU14_C8 New Net Name=NetU13_C8
Change Net Name : Old Net Name=NetU14_C10 New Net Name=NetU13_C10
Change Net Name : Old Net Name=NetU14_C13 New Net Name=NetU13_C13
Change Net Name : Old Net Name=NetU14_C15 New Net Name=NetU13_C15
Change Net Name : Old Net Name=NetU14_C17 New Net Name=NetU13_C17
Change Net Name : Old Net Name=NetU14_C18 New Net Name=NetU13_C18
Change Net Name : Old Net Name=NetU14_C19 New Net Name=NetU13_C19
Change Net Name : Old Net Name=NetU14_C20 New Net Name=NetU13_C20
Change Net Name : Old Net Name=NetU14_C21 New Net Name=NetU13_C21
Change Net Name : Old Net Name=NetU14_C22 New Net Name=NetU13_C22
Change Net Name : Old Net Name=NetU14_D2 New Net Name=NetU13_D2
Change Net Name : Old Net Name=NetU14_D6 New Net Name=NetU13_D6
Change Net Name : Old Net Name=NetU14_D7 New Net Name=NetU13_D7
Change Net Name : Old Net Name=NetU14_D8 New Net Name=NetU13_D8
Change Net Name : Old Net Name=NetU14_D10 New Net Name=NetU13_D10
Change Net Name : Old Net Name=NetU14_D13 New Net Name=NetU13_D13
Change Net Name : Old Net Name=NetU14_D15 New Net Name=NetU13_D15
Change Net Name : Old Net Name=NetU14_D17 New Net Name=NetU13_D17
Change Net Name : Old Net Name=NetU14_D18 New Net Name=NetU13_D18
Change Net Name : Old Net Name=NetU14_D19 New Net Name=NetU13_D19
Change Net Name : Old Net Name=NetU14_D20 New Net Name=NetU13_D20
Change Net Name : Old Net Name=NetU14_D21 New Net Name=NetU13_D21
Change Net Name : Old Net Name=NetU14_D22 New Net Name=NetU13_D22
Change Net Name : Old Net Name=NetU14_E1 New Net Name=NetU13_E1
Change Net Name : Old Net Name=NetU14_E3 New Net Name=NetU13_E3
Change Net Name : Old Net Name=NetU14_E4 New Net Name=NetU13_E4
Change Net Name : Old Net Name=NetU14_E5 New Net Name=NetU13_E5
Change Net Name : Old Net Name=NetU14_E6 New Net Name=NetU13_E6
Change Net Name : Old Net Name=NetU14_E7 New Net Name=NetU13_E7
Change Net Name : Old Net Name=NetU14_E8 New Net Name=NetU13_E8
Change Net Name : Old Net Name=NetU14_E9 New Net Name=NetU13_E9
Change Net Name : Old Net Name=NetU14_E11 New Net Name=NetU13_E11
Change Net Name : Old Net Name=NetU14_E12 New Net Name=NetU13_E12
Change Net Name : Old Net Name=NetU14_E13 New Net Name=NetU13_E13
Change Net Name : Old Net Name=NetU14_E14 New Net Name=NetU13_E14
Change Net Name : Old Net Name=NetU14_E15 New Net Name=NetU13_E15
Change Net Name : Old Net Name=NetU14_E16 New Net Name=NetU13_E16
Change Net Name : Old Net Name=NetU14_E21 New Net Name=NetU13_E21
Change Net Name : Old Net Name=NetU14_E22 New Net Name=NetU13_E22
Change Net Name : Old Net Name=NetU14_F1 New Net Name=NetU13_F1
Change Net Name : Old Net Name=NetU14_F2 New Net Name=NetU13_F2
Change Net Name : Old Net Name=NetU14_F7 New Net Name=NetU13_F7
Change Net Name : Old Net Name=NetU14_F8 New Net Name=NetU13_F8
Change Net Name : Old Net Name=NetU14_F9 New Net Name=NetU13_F9
Change Net Name : Old Net Name=NetU14_F10 New Net Name=NetU13_F10
Change Net Name : Old Net Name=NetU14_F11 New Net Name=NetU13_F11
Change Net Name : Old Net Name=NetU14_F13 New Net Name=NetU13_F13
Change Net Name : Old Net Name=NetU14_F14 New Net Name=NetU13_F14
Change Net Name : Old Net Name=NetU14_F15 New Net Name=NetU13_F15
Change Net Name : Old Net Name=NetU14_F17 New Net Name=NetU13_F17
Change Net Name : Old Net Name=NetU14_F19 New Net Name=NetU13_F19
Change Net Name : Old Net Name=NetU14_F20 New Net Name=NetU13_F20
Change Net Name : Old Net Name=NetU14_F21 New Net Name=NetU13_F21
Change Net Name : Old Net Name=NetU14_F22 New Net Name=NetU13_F22
Change Net Name : Old Net Name=NetU14_G3 New Net Name=NetU13_G3
Change Net Name : Old Net Name=NetU14_G5 New Net Name=NetU13_G5
Change Net Name : Old Net Name=NetU14_G18 New Net Name=NetU13_G18
Change Net Name : Old Net Name=NetU14_H1 New Net Name=NetU13_H1
Change Net Name : Old Net Name=NetU14_H2 New Net Name=NetU13_H2
Change Net Name : Old Net Name=NetU14_H3 New Net Name=NetU13_H3
Change Net Name : Old Net Name=NetU14_H4 New Net Name=NetU13_H4
Change Net Name : Old Net Name=NetU14_H5 New Net Name=NetU13_H5
Change Net Name : Old Net Name=NetU14_H6 New Net Name=NetU13_H6
Change Net Name : Old Net Name=NetU14_H7 New Net Name=NetU13_H7
Change Net Name : Old Net Name=NetU14_H18 New Net Name=NetU13_H18
Change Net Name : Old Net Name=NetU14_H19 New Net Name=NetU13_H19
Change Net Name : Old Net Name=NetU14_H20 New Net Name=NetU13_H20
Change Net Name : Old Net Name=NetU14_H21 New Net Name=NetU13_H21
Change Net Name : Old Net Name=NetU14_H22 New Net Name=NetU13_H22
Change Net Name : Old Net Name=NetU14_J1 New Net Name=NetU13_J1
Change Net Name : Old Net Name=NetU14_J2 New Net Name=NetU13_J2
Change Net Name : Old Net Name=NetU14_J3 New Net Name=NetU13_J3
Change Net Name : Old Net Name=NetU14_J4 New Net Name=NetU13_J4
Change Net Name : Old Net Name=NetU14_J6 New Net Name=NetU13_J6
Change Net Name : Old Net Name=NetU14_J18 New Net Name=NetU13_J18
Change Net Name : Old Net Name=NetU14_J20 New Net Name=NetU13_J20
Change Net Name : Old Net Name=NetU14_J21 New Net Name=NetU13_J21
Change Net Name : Old Net Name=NetU14_J22 New Net Name=NetU13_J22
Change Net Name : Old Net Name=NetU14_K18 New Net Name=NetU13_K18
Change Net Name : Old Net Name=NetU14_K19 New Net Name=NetU13_K19
Change Net Name : Old Net Name=NetU14_K21 New Net Name=NetU13_K21
Change Net Name : Old Net Name=NetU14_K22 New Net Name=NetU13_K22
Change Net Name : Old Net Name=NetU14_L6 New Net Name=NetU13_L6
Change Net Name : Old Net Name=NetU14_L21 New Net Name=NetU13_L21
Change Net Name : Old Net Name=NetU14_L22 New Net Name=NetU13_L22
Change Net Name : Old Net Name=NetU14_M1 New Net Name=NetU13_M1
Change Net Name : Old Net Name=NetU14_M2 New Net Name=NetU13_M2
Change Net Name : Old Net Name=NetU14_M3 New Net Name=NetU13_M3
Change Net Name : Old Net Name=NetU14_M4 New Net Name=NetU13_M4
Change Net Name : Old Net Name=NetU14_M5 New Net Name=NetU13_M5
Change Net Name : Old Net Name=NetU14_M6 New Net Name=NetU13_M6
Change Net Name : Old Net Name=NetU14_M16 New Net Name=NetU13_M16
Change Net Name : Old Net Name=NetU14_M19 New Net Name=NetU13_M19
Change Net Name : Old Net Name=NetU14_M20 New Net Name=NetU13_M20
Change Net Name : Old Net Name=NetU14_M21 New Net Name=NetU13_M21
Change Net Name : Old Net Name=NetU14_M22 New Net Name=NetU13_M22
Change Net Name : Old Net Name=NetU14_N1 New Net Name=NetU13_N1
Change Net Name : Old Net Name=NetU14_N2 New Net Name=NetU13_N2
Change Net Name : Old Net Name=NetU14_N5 New Net Name=NetU13_N5
Change Net Name : Old Net Name=NetU14_N6 New Net Name=NetU13_N6
Change Net Name : Old Net Name=NetU14_N18 New Net Name=NetU13_N18
Change Net Name : Old Net Name=NetU14_N19 New Net Name=NetU13_N19
Change Net Name : Old Net Name=NetU14_N20 New Net Name=NetU13_N20
Change Net Name : Old Net Name=NetU14_N21 New Net Name=NetU13_N21
Change Net Name : Old Net Name=NetU14_N22 New Net Name=NetU13_N22
Change Net Name : Old Net Name=NetU14_P1 New Net Name=NetU13_P1
Change Net Name : Old Net Name=NetU14_P2 New Net Name=NetU13_P2
Change Net Name : Old Net Name=NetU14_P3 New Net Name=NetU13_P3
Change Net Name : Old Net Name=NetU14_P4 New Net Name=NetU13_P4
Change Net Name : Old Net Name=NetU14_P5 New Net Name=NetU13_P5
Change Net Name : Old Net Name=NetU14_P20 New Net Name=NetU13_P20
Change Net Name : Old Net Name=NetU14_P21 New Net Name=NetU13_P21
Change Net Name : Old Net Name=NetU14_P22 New Net Name=NetU13_P22
Change Net Name : Old Net Name=NetU14_R1 New Net Name=NetU13_R1
Change Net Name : Old Net Name=NetU14_R2 New Net Name=NetU13_R2
Change Net Name : Old Net Name=NetU14_R3 New Net Name=NetU13_R3
Change Net Name : Old Net Name=NetU14_R4 New Net Name=NetU13_R4
Change Net Name : Old Net Name=NetU14_R5 New Net Name=NetU13_R5
Change Net Name : Old Net Name=NetU14_R16 New Net Name=NetU13_R16
Change Net Name : Old Net Name=NetU14_R17 New Net Name=NetU13_R17
Change Net Name : Old Net Name=NetU14_R19 New Net Name=NetU13_R19
Change Net Name : Old Net Name=NetU14_R20 New Net Name=NetU13_R20
Change Net Name : Old Net Name=NetU14_R21 New Net Name=NetU13_R21
Change Net Name : Old Net Name=NetU14_R22 New Net Name=NetU13_R22
Change Net Name : Old Net Name=NetU14_T3 New Net Name=NetU13_T3
Change Net Name : Old Net Name=NetU14_T4 New Net Name=NetU13_T4
Change Net Name : Old Net Name=NetU14_T5 New Net Name=NetU13_T5
Change Net Name : Old Net Name=NetU14_T15 New Net Name=NetU13_T15
Change Net Name : Old Net Name=NetU14_T16 New Net Name=NetU13_T16
Change Net Name : Old Net Name=NetU14_T17 New Net Name=NetU13_T17
Change Net Name : Old Net Name=NetU14_T18 New Net Name=NetU13_T18
Change Net Name : Old Net Name=NetU14_T19 New Net Name=NetU13_T19
Change Net Name : Old Net Name=NetU14_T20 New Net Name=NetU13_T20
Change Net Name : Old Net Name=NetU14_U1 New Net Name=NetU13_U1
Change Net Name : Old Net Name=NetU14_U2 New Net Name=NetU13_U2
Change Net Name : Old Net Name=NetU14_U9 New Net Name=NetU13_U9
Change Net Name : Old Net Name=NetU14_U10 New Net Name=NetU13_U10
Change Net Name : Old Net Name=NetU14_U11 New Net Name=NetU13_U11
Change Net Name : Old Net Name=NetU14_U12 New Net Name=NetU13_U12
Change Net Name : Old Net Name=NetU14_U14 New Net Name=NetU13_U14
Change Net Name : Old Net Name=NetU14_U20 New Net Name=NetU13_U20
Change Net Name : Old Net Name=NetU14_U21 New Net Name=NetU13_U21
Change Net Name : Old Net Name=NetU14_U22 New Net Name=NetU13_U22
Change Net Name : Old Net Name=NetU14_V1 New Net Name=NetU13_V1
Change Net Name : Old Net Name=NetU14_V2 New Net Name=NetU13_V2
Change Net Name : Old Net Name=NetU14_V3 New Net Name=NetU13_V3
Change Net Name : Old Net Name=NetU14_V4 New Net Name=NetU13_V4
Change Net Name : Old Net Name=NetU14_V5 New Net Name=NetU13_V5
Change Net Name : Old Net Name=NetU14_V8 New Net Name=NetU13_V8
Change Net Name : Old Net Name=NetU14_V9 New Net Name=NetU13_V9
Change Net Name : Old Net Name=NetU14_V10 New Net Name=NetU13_V10
Change Net Name : Old Net Name=NetU14_V11 New Net Name=NetU13_V11
Change Net Name : Old Net Name=NetU14_V12 New Net Name=NetU13_V12
Change Net Name : Old Net Name=NetU14_V13 New Net Name=NetU13_V13
Change Net Name : Old Net Name=NetU14_V14 New Net Name=NetU13_V14
Change Net Name : Old Net Name=NetU14_V15 New Net Name=NetU13_V15
Change Net Name : Old Net Name=NetU14_V16 New Net Name=NetU13_V16
Change Net Name : Old Net Name=NetU14_V21 New Net Name=NetU13_V21
Change Net Name : Old Net Name=NetU14_V22 New Net Name=NetU13_V22
Change Net Name : Old Net Name=NetU14_W1 New Net Name=NetU13_W1
Change Net Name : Old Net Name=NetU14_W2 New Net Name=NetU13_W2
Change Net Name : Old Net Name=NetU14_W6 New Net Name=NetU13_W6
Change Net Name : Old Net Name=NetU14_W7 New Net Name=NetU13_W7
Change Net Name : Old Net Name=NetU14_W8 New Net Name=NetU13_W8
Change Net Name : Old Net Name=NetU14_W10 New Net Name=NetU13_W10
Change Net Name : Old Net Name=NetU14_W13 New Net Name=NetU13_W13
Change Net Name : Old Net Name=NetU14_W14 New Net Name=NetU13_W14
Change Net Name : Old Net Name=NetU14_W15 New Net Name=NetU13_W15
Change Net Name : Old Net Name=NetU14_W17 New Net Name=NetU13_W17
Change Net Name : Old Net Name=NetU14_W19 New Net Name=NetU13_W19
Change Net Name : Old Net Name=NetU14_W20 New Net Name=NetU13_W20
Change Net Name : Old Net Name=NetU14_W21 New Net Name=NetU13_W21
Change Net Name : Old Net Name=NetU14_W22 New Net Name=NetU13_W22
Change Net Name : Old Net Name=NetU14_Y1 New Net Name=NetU13_Y1
Change Net Name : Old Net Name=NetU14_Y2 New Net Name=NetU13_Y2
Change Net Name : Old Net Name=NetU14_Y3 New Net Name=NetU13_Y3
Change Net Name : Old Net Name=NetU14_Y4 New Net Name=NetU13_Y4
Change Net Name : Old Net Name=NetU14_Y6 New Net Name=NetU13_Y6
Change Net Name : Old Net Name=NetU14_Y7 New Net Name=NetU13_Y7
Change Net Name : Old Net Name=NetU14_Y8 New Net Name=NetU13_Y8
Change Net Name : Old Net Name=NetU14_Y10 New Net Name=NetU13_Y10
Change Net Name : Old Net Name=NetU14_Y13 New Net Name=NetU13_Y13
Change Net Name : Old Net Name=NetU14_Y14 New Net Name=NetU13_Y14
Change Net Name : Old Net Name=NetU14_Y15 New Net Name=NetU13_Y15
Change Net Name : Old Net Name=NetU14_Y17 New Net Name=NetU13_Y17
Change Net Name : Old Net Name=NetU14_Y22 New Net Name=NetU13_Y22
Change Net Name : Old Net Name=NetU16_1 New Net Name=NetU15_1
Change Net Name : Old Net Name=NetU16_2 New Net Name=NetU15_2
Change Net Name : Old Net Name=NetU16_3 New Net Name=NetU15_3
Change Net Name : Old Net Name=NetU16_4 New Net Name=NetU15_4
Change Net Name : Old Net Name=NetU16_5 New Net Name=NetU15_5
Change Net Name : Old Net Name=NetU16_7 New Net Name=NetU15_7
Change Net Name : Old Net Name=NetU16_18 New Net Name=NetU15_18
Change Net Name : Old Net Name=NetU16_19 New Net Name=NetU15_19
Change Net Name : Old Net Name=NetU16_20 New Net Name=NetU15_20
Change Net Name : Old Net Name=NetU16_21 New Net Name=NetU15_21
Change Net Name : Old Net Name=NetU16_22 New Net Name=NetU15_22
Change Net Name : Old Net Name=NetU16_26 New Net Name=NetU15_26
Change Net Name : Old Net Name=NetU16_28 New Net Name=NetU15_28
Change Net Name : Old Net Name=NetU16_29 New Net Name=NetU15_29
Change Net Name : Old Net Name=NetU16_34 New Net Name=NetU15_34
Change Net Name : Old Net Name=NetU16_37 New Net Name=NetU15_37
Change Net Name : Old Net Name=NetU16_40 New Net Name=NetU15_40
Change Net Name : Old Net Name=NetU16_41 New Net Name=NetU15_41
Change Net Name : Old Net Name=NetU16_42 New Net Name=NetU15_42
Change Net Name : Old Net Name=NetU16_46 New Net Name=NetU15_46
Change Net Name : Old Net Name=NetU16_47 New Net Name=NetU15_47
Change Net Name : Old Net Name=NetU16_49 New Net Name=NetU15_49
Change Net Name : Old Net Name=NetU16_69 New Net Name=NetU15_69
Change Net Name : Old Net Name=NetU16_70 New Net Name=NetU15_70
Change Net Name : Old Net Name=NetU16_73 New Net Name=NetU15_73
Change Net Name : Old Net Name=NetU16_74 New Net Name=NetU15_74
Change Net Name : Old Net Name=NetU16_75 New Net Name=NetU15_75
Change Net Name : Old Net Name=NetU16_76 New Net Name=NetU15_76
Change Net Name : Old Net Name=NetU16_80 New Net Name=NetU15_80
Change Net Name : Old Net Name=NetU16_81 New Net Name=NetU15_81
Change Net Name : Old Net Name=NetU16_82 New Net Name=NetU15_82
Change Net Name : Old Net Name=NetU16_87 New Net Name=NetU15_87
Change Net Name : Old Net Name=NetU16_88 New Net Name=NetU15_88
Change Net Name : Old Net Name=NetU16_89 New Net Name=NetU15_89
Change Net Name : Old Net Name=NetU16_90 New Net Name=NetU15_90
Change Net Name : Old Net Name=NetU16_91 New Net Name=NetU15_91
Change Net Name : Old Net Name=NetU16_92 New Net Name=NetU15_92
Change Net Name : Old Net Name=NetU16_93 New Net Name=NetU15_93
Change Net Name : Old Net Name=NetU16_96 New Net Name=NetU15_96
Change Net Name : Old Net Name=NetU16_97 New Net Name=NetU15_97
Change Net Name : Old Net Name=NetU16_98 New Net Name=NetU15_98
Change Net Name : Old Net Name=NetU16_99 New Net Name=NetU15_99
Change Net Name : Old Net Name=NetU16_100 New Net Name=NetU15_100
Change Net Name : Old Net Name=NetU16_103 New Net Name=NetU15_103
Change Net Name : Old Net Name=NetU16_104 New Net Name=NetU15_104
Change Net Name : Old Net Name=NetU16_111 New Net Name=NetU15_111
Change Net Name : Old Net Name=NetU16_112 New Net Name=NetU15_112
Change Net Name : Old Net Name=NetU16_113 New Net Name=NetU15_113
Change Net Name : Old Net Name=NetU16_116 New Net Name=NetU15_116
Change Net Name : Old Net Name=NetU16_122 New Net Name=NetU15_122
Change Net Name : Old Net Name=NetU16_123 New Net Name=NetU15_123
Change Net Name : Old Net Name=NetU16_125 New Net Name=NetU15_125
Change Net Name : Old Net Name=NetU16_127 New Net Name=NetU15_127
Change Net Name : Old Net Name=NetU16_139 New Net Name=NetU15_139
Change Net Name : Old Net Name=NetU16_140 New Net Name=NetU15_140
Change Net Name : Old Net Name=NetU16_141 New Net Name=NetU15_141
Change Net Name : Old Net Name=NetU16_142 New Net Name=NetU15_142
Added Member To Class: ClassName=FPGA Member=Component C90 100nF
Added Member To Class: ClassName=FPGA Member=Component C125 100nF
Added Room: Name=FPGA
Added Room: Name=LCD
Added Room: Name=Mother Board Main
Added Room: Name=NRF24L01
Added Room: Name=Power
Added Room: Name=STM32
