Change Component Designator: Old Designator=C2 New Designator=C3
Change Component Designator: Old Designator=C3 New Designator=C4
Change Component Designator: Old Designator=C4 New Designator=C5
Change Component Designator: Old Designator=C5 New Designator=C6
Change Component Designator: Old Designator=C6 New Designator=C7
Change Component Designator: Old Designator=CP1 New Designator=CP4
Change Component Designator: Old Designator=CP2 New Designator=CP5
Change Component Designator: Old Designator=CP3 New Designator=CP6
Change Component Designator: Old Designator=CP4 New Designator=CP7
Change Component Designator: Old Designator=CP5 New Designator=CP8
Change Component Designator: Old Designator=CP6 New Designator=CP3
Change Component Designator: Old Designator=CP7 New Designator=CP1
Change Component Designator: Old Designator=CP8 New Designator=CP2
Change Component Designator: Old Designator=JP5 New Designator=JP8
Change Component Designator: Old Designator=R4 New Designator=R11
Change Component Designator: Old Designator=R5 New Designator=R10
Change Component Designator: Old Designator=R6 New Designator=R12
Change Component Designator: Old Designator=R15 New Designator=R17
Change Component Designator: Old Designator=R16 New Designator=R15
Change Component Designator: Old Designator=R17 New Designator=R16
Change Component Designator: Old Designator=R23 New Designator=R20
Change Component Designator: Old Designator=R24 New Designator=R21
Change Component Designator: Old Designator=R25 New Designator=R22
Change Component Designator: Old Designator=R26 New Designator=R23
Change Component Designator: Old Designator=RS1 New Designator=RS2
Change Component Designator: Old Designator=RS2 New Designator=RS1
