Removed Pin From Net: NetName=SDc_D2 Pin=JP3-1
Removed Pin From Net: NetName=ClkC_D2 Pin=JP3-2
Removed Pin From Net: NetName=GND Pin=JP3-3
Removed Pin From Net: NetName=GND Pin=JP3-4
Removed Pin From Net: NetName=Pos RXD_D2 Pin=JP3-5
Removed Pin From Net: NetName=Pos TXD_D2 Pin=JP3-7
Removed Pin From Net: NetName=Pos DIR_D2 Pin=JP3-8
Removed Pin From Net: NetName=GND Pin=JP3-9
Removed Pin From Net: NetName=GND Pin=JP3-10
Removed Pin From Net: NetName=DataVIN Pin=JP3-11
Removed Pin From Net: NetName=ClkVIN Pin=JP3-13
Removed Pin From Net: NetName=GND Pin=JP3-15
Removed Pin From Net: NetName=GND Pin=JP3-16
Removed Pin From Net: NetName=Bluetooth TXD Pin=JP3-17
Removed Pin From Net: NetName=Bluetooth RXD Pin=JP3-19
Removed Pin From Net: NetName=Bluetooth KEY Pin=JP3-20
Removed Pin From Net: NetName=GND Pin=JP3-21
Removed Pin From Net: NetName=GND Pin=JP3-22
Removed Pin From Net: NetName=USB TXD Pin=JP3-23
Removed Pin From Net: NetName=IMU nCS MPU9250 Pin=JP3-24
Removed Pin From Net: NetName=USB RXD Pin=JP3-25
Removed Pin From Net: NetName=IMU nCS BMP280 Pin=JP3-26
Removed Pin From Net: NetName=GND Pin=JP3-27
Removed Pin From Net: NetName=GND Pin=JP3-28
Removed Pin From Net: NetName=IMU SDI Pin=JP3-29
Removed Pin From Net: NetName=IMU SCLK Pin=JP3-30
Removed Pin From Net: NetName=IMU SDO Pin=JP3-31
Removed Pin From Net: NetName=GND Pin=JP3-33
Removed Pin From Net: NetName=GND Pin=JP3-34
Removed Pin From Net: NetName=5V Pin=JP3-35
Removed Pin From Net: NetName=5V Pin=JP3-36
Removed Pin From Net: NetName=5V Pin=JP3-37
Removed Pin From Net: NetName=5V Pin=JP3-38
Removed Pin From Net: NetName=GND Pin=JP3-39
Removed Pin From Net: NetName=GND Pin=JP3-40
Removed Pin From Net: NetName=SDc_D4 Pin=JP4-1
Removed Pin From Net: NetName=ClkC_D4 Pin=JP4-2
Removed Pin From Net: NetName=GND Pin=JP4-3
Removed Pin From Net: NetName=GND Pin=JP4-4
Removed Pin From Net: NetName=Pos RXD_D4 Pin=JP4-5
Removed Pin From Net: NetName=Pos TXD_D4 Pin=JP4-7
Removed Pin From Net: NetName=Pos DIR_D4 Pin=JP4-8
Removed Pin From Net: NetName=GND Pin=JP4-9
Removed Pin From Net: NetName=GND Pin=JP4-10
Removed Pin From Net: NetName=LCD SDA Pin=JP4-11
Removed Pin From Net: NetName=LCD CS Pin=JP4-12
Removed Pin From Net: NetName=LCD SDL Pin=JP4-13
Removed Pin From Net: NetName=LCD BLK Pin=JP4-14
Removed Pin From Net: NetName=GND Pin=JP4-15
Removed Pin From Net: NetName=GND Pin=JP4-16
Removed Pin From Net: NetName=RMII CRS DV Pin=JP4-17
Removed Pin From Net: NetName=LCD RES Pin=JP4-18
Removed Pin From Net: NetName=RMII REF CLK Pin=JP4-19
Removed Pin From Net: NetName=LCD DC Pin=JP4-20
Removed Pin From Net: NetName=GND Pin=JP4-21
Removed Pin From Net: NetName=GND Pin=JP4-22
Removed Pin From Net: NetName=RMII TXD1 Pin=JP4-23
Removed Pin From Net: NetName=RMII TXEN Pin=JP4-24
Removed Pin From Net: NetName=RMII TXD0 Pin=JP4-25
Removed Pin From Net: NetName=ETH MDIO Pin=JP4-26
Removed Pin From Net: NetName=GND Pin=JP4-27
Removed Pin From Net: NetName=GND Pin=JP4-28
Removed Pin From Net: NetName=RMII RXD1 Pin=JP4-29
Removed Pin From Net: NetName=ETH MDC Pin=JP4-30
Removed Pin From Net: NetName=RMII RXD0 Pin=JP4-31
Removed Pin From Net: NetName=ETH RESET Pin=JP4-32
Removed Pin From Net: NetName=GND Pin=JP4-33
Removed Pin From Net: NetName=GND Pin=JP4-34
Removed Pin From Net: NetName=3V3 Pin=JP4-35
Removed Pin From Net: NetName=3V3 Pin=JP4-36
Removed Pin From Net: NetName=3V3 Pin=JP4-37
Removed Pin From Net: NetName=3V3 Pin=JP4-38
Removed Pin From Net: NetName=GND Pin=JP4-39
Removed Pin From Net: NetName=GND Pin=JP4-40
Removed Member From Class: ClassName=Core Member=JP3
Removed Member From Class: ClassName=Core Member=JP4
Change Component Footprint: Designator=JP1 Old Footprint=HDR-20X2 New Footprint=HEADER_0.8mm_2x40P_G
Change Component Footprint: Designator=JP2 Old Footprint=HDR-20X2 New Footprint=HEADER_0.8mm_2x40P_G
Change Component Comment : Designator=JP1 Old Comment=Header 2X11 New Comment=Header 40PX2
Change Component Comment : Designator=JP2 Old Comment=Header 2X11 New Comment=Header 40PX2
Added Pin To Net: NetName=SDc_D2 Pin=JP1-41
Added Pin To Net: NetName=ClkC_D2 Pin=JP1-42
Added Pin To Net: NetName=GND Pin=JP1-43
Added Pin To Net: NetName=GND Pin=JP1-44
Added Pin To Net: NetName=Pos RXD_D2 Pin=JP1-45
Added Pin To Net: NetName=Pos TXD_D2 Pin=JP1-47
Added Pin To Net: NetName=Pos DIR_D2 Pin=JP1-48
Added Pin To Net: NetName=GND Pin=JP1-49
Added Pin To Net: NetName=GND Pin=JP1-50
Added Pin To Net: NetName=DataVIN Pin=JP1-51
Added Pin To Net: NetName=ClkVIN Pin=JP1-53
Added Pin To Net: NetName=GND Pin=JP1-55
Added Pin To Net: NetName=GND Pin=JP1-56
Added Pin To Net: NetName=Bluetooth TXD Pin=JP1-57
Added Pin To Net: NetName=Bluetooth RXD Pin=JP1-59
Added Pin To Net: NetName=Bluetooth KEY Pin=JP1-60
Added Pin To Net: NetName=GND Pin=JP1-61
Added Pin To Net: NetName=GND Pin=JP1-62
Added Pin To Net: NetName=USB TXD Pin=JP1-63
Added Pin To Net: NetName=IMU nCS MPU9250 Pin=JP1-64
Added Pin To Net: NetName=USB RXD Pin=JP1-65
Added Pin To Net: NetName=IMU nCS BMP280 Pin=JP1-66
Added Pin To Net: NetName=GND Pin=JP1-67
Added Pin To Net: NetName=GND Pin=JP1-68
Added Pin To Net: NetName=IMU SDI Pin=JP1-69
Added Pin To Net: NetName=IMU SCLK Pin=JP1-70
Added Pin To Net: NetName=IMU SDO Pin=JP1-71
Added Pin To Net: NetName=GND Pin=JP1-73
Added Pin To Net: NetName=GND Pin=JP1-74
Added Pin To Net: NetName=5V Pin=JP1-75
Added Pin To Net: NetName=5V Pin=JP1-76
Added Pin To Net: NetName=5V Pin=JP1-77
Added Pin To Net: NetName=5V Pin=JP1-78
Added Pin To Net: NetName=GND Pin=JP1-79
Added Pin To Net: NetName=GND Pin=JP1-80
Added Pin To Net: NetName=SDc_D4 Pin=JP2-41
Added Pin To Net: NetName=ClkC_D4 Pin=JP2-42
Added Pin To Net: NetName=GND Pin=JP2-43
Added Pin To Net: NetName=GND Pin=JP2-44
Added Pin To Net: NetName=Pos RXD_D4 Pin=JP2-45
Added Pin To Net: NetName=Pos TXD_D4 Pin=JP2-47
Added Pin To Net: NetName=Pos DIR_D4 Pin=JP2-48
Added Pin To Net: NetName=GND Pin=JP2-49
Added Pin To Net: NetName=GND Pin=JP2-50
Added Pin To Net: NetName=LCD SDA Pin=JP2-51
Added Pin To Net: NetName=LCD CS Pin=JP2-52
Added Pin To Net: NetName=LCD SDL Pin=JP2-53
Added Pin To Net: NetName=LCD BLK Pin=JP2-54
Added Pin To Net: NetName=GND Pin=JP2-55
Added Pin To Net: NetName=GND Pin=JP2-56
Added Pin To Net: NetName=RMII CRS DV Pin=JP2-57
Added Pin To Net: NetName=LCD RES Pin=JP2-58
Added Pin To Net: NetName=RMII REF CLK Pin=JP2-59
Added Pin To Net: NetName=LCD DC Pin=JP2-60
Added Pin To Net: NetName=GND Pin=JP2-61
Added Pin To Net: NetName=GND Pin=JP2-62
Added Pin To Net: NetName=RMII TXD1 Pin=JP2-63
Added Pin To Net: NetName=RMII TXEN Pin=JP2-64
Added Pin To Net: NetName=RMII TXD0 Pin=JP2-65
Added Pin To Net: NetName=ETH MDIO Pin=JP2-66
Added Pin To Net: NetName=GND Pin=JP2-67
Added Pin To Net: NetName=GND Pin=JP2-68
Added Pin To Net: NetName=RMII RXD1 Pin=JP2-69
Added Pin To Net: NetName=ETH MDC Pin=JP2-70
Added Pin To Net: NetName=RMII RXD0 Pin=JP2-71
Added Pin To Net: NetName=ETH RESET Pin=JP2-72
Added Pin To Net: NetName=GND Pin=JP2-73
Added Pin To Net: NetName=GND Pin=JP2-74
Added Pin To Net: NetName=3V3 Pin=JP2-75
Added Pin To Net: NetName=3V3 Pin=JP2-76
Added Pin To Net: NetName=3V3 Pin=JP2-77
Added Pin To Net: NetName=3V3 Pin=JP2-78
Added Pin To Net: NetName=GND Pin=JP2-79
Added Pin To Net: NetName=GND Pin=JP2-80
