Removed Pin From Net: NetName=PGND Pin=JP3-1
Removed Pin From Net: NetName=5V Pin=JP3-2
Removed Member From Class: ClassName=Power Member=C40
Removed Member From Class: ClassName=Power Member=C42
Removed Member From Class: ClassName=Power Member=C43
Removed Member From Class: ClassName=Power Member=C44
Removed Member From Class: ClassName=Power Member=C45
Removed Member From Class: ClassName=IMU Member=C46
Removed Member From Class: ClassName=Power Member=C46
Removed Member From Class: ClassName=IMU Member=C48
Removed Member From Class: ClassName=Power Member=C48
Removed Member From Class: ClassName=IMU Member=C49
Removed Member From Class: ClassName=Power Member=C49
Removed Member From Class: ClassName=IMU Member=C50
Removed Member From Class: ClassName=Power Member=C50
Removed Member From Class: ClassName=Power Member=C51
Removed Member From Class: ClassName=Power Member=C53
Removed Member From Class: ClassName=FPGA Member=C143
Removed Member From Class: ClassName=Power Member=R36
Removed Member From Class: ClassName=Power Member=R37
Removed Member From Class: ClassName=Power Member=R38
Removed Member From Class: ClassName=Power Member=R39
Removed Member From Class: ClassName=Power Member=R40
Removed Member From Class: ClassName=Power Member=R41
Removed Member From Class: ClassName=Power Member=R42
Removed Member From Class: ClassName=Power Member=R43
Removed Member From Class: ClassName=Power Member=R44
Removed Member From Class: ClassName=Power Member=R45
Removed Member From Class: ClassName=Power Member=R46
Removed Member From Class: ClassName=FPGA Member=R65
Removed Member From Class: ClassName=Power Member=U10
Removed Member From Class: ClassName=Power Member=U11
Removed Member From Class: ClassName=IMU Member=U12
Removed Member From Class: ClassName=Power Member=U12
Change Component Comment : Designator=JP3 Old Comment=XT60PM New Comment=XT_0__
Change Component Designator: OldDesignator=C19 NewDesignator=C20
Change Component Designator: OldDesignator=C20 NewDesignator=C22
Change Component Designator: OldDesignator=C21 NewDesignator=C24
Change Component Designator: OldDesignator=C22 NewDesignator=C25
Change Component Designator: OldDesignator=C23 NewDesignator=C26
Change Component Designator: OldDesignator=C24 NewDesignator=C27
Change Component Designator: OldDesignator=C25 NewDesignator=C28
Change Component Designator: OldDesignator=C26 NewDesignator=C29
Change Component Designator: OldDesignator=C27 NewDesignator=C30
Change Component Designator: OldDesignator=C28 NewDesignator=C31
Change Component Designator: OldDesignator=C29 NewDesignator=C32
Change Component Designator: OldDesignator=C30 NewDesignator=C33
Change Component Designator: OldDesignator=C31 NewDesignator=C34
Change Component Designator: OldDesignator=C32 NewDesignator=C35
Change Component Designator: OldDesignator=C33 NewDesignator=C36
Change Component Designator: OldDesignator=C34 NewDesignator=C37
Change Component Designator: OldDesignator=C35 NewDesignator=C38
Change Component Designator: OldDesignator=C36 NewDesignator=C39
Change Component Designator: OldDesignator=C37 NewDesignator=C40
Change Component Designator: OldDesignator=C38 NewDesignator=C41
Change Component Designator: OldDesignator=C39 NewDesignator=C42
Change Component Designator: OldDesignator=C40 NewDesignator=C43
Change Component Designator: OldDesignator=C41 NewDesignator=C44
Change Component Designator: OldDesignator=C42 NewDesignator=C45
Change Component Designator: OldDesignator=C43 NewDesignator=C46
Change Component Designator: OldDesignator=C44 NewDesignator=C47
Change Component Designator: OldDesignator=C45 NewDesignator=C48
Change Component Designator: OldDesignator=C46 NewDesignator=C49
Change Component Designator: OldDesignator=C47 NewDesignator=C50
Change Component Designator: OldDesignator=C48 NewDesignator=C51
Change Component Designator: OldDesignator=C49 NewDesignator=C52
Change Component Designator: OldDesignator=C50 NewDesignator=C53
Change Component Designator: OldDesignator=C51 NewDesignator=C54
Change Component Designator: OldDesignator=C52 NewDesignator=C55
Change Component Designator: OldDesignator=C53 NewDesignator=C56
Change Component Designator: OldDesignator=C54 NewDesignator=C57
Change Component Designator: OldDesignator=C55 NewDesignator=C59
Change Component Designator: OldDesignator=C56 NewDesignator=C60
Change Component Designator: OldDesignator=C57 NewDesignator=C61
Change Component Designator: OldDesignator=C58 NewDesignator=C62
Change Component Designator: OldDesignator=C59 NewDesignator=C63
Change Component Designator: OldDesignator=C60 NewDesignator=C64
Change Component Designator: OldDesignator=C61 NewDesignator=C65
Change Component Designator: OldDesignator=C62 NewDesignator=C66
Change Component Designator: OldDesignator=C63 NewDesignator=C67
Change Component Designator: OldDesignator=C64 NewDesignator=C68
Change Component Designator: OldDesignator=C65 NewDesignator=C69
Change Component Designator: OldDesignator=C66 NewDesignator=C70
Change Component Designator: OldDesignator=C67 NewDesignator=C71
Change Component Designator: OldDesignator=C68 NewDesignator=C72
Change Component Designator: OldDesignator=C69 NewDesignator=C73
Change Component Designator: OldDesignator=C70 NewDesignator=C74
Change Component Designator: OldDesignator=C71 NewDesignator=C75
Change Component Designator: OldDesignator=C72 NewDesignator=C76
Change Component Designator: OldDesignator=C73 NewDesignator=C77
Change Component Designator: OldDesignator=C74 NewDesignator=C78
Change Component Designator: OldDesignator=C75 NewDesignator=C79
Change Component Designator: OldDesignator=C76 NewDesignator=C80
Change Component Designator: OldDesignator=C77 NewDesignator=C81
Change Component Designator: OldDesignator=C78 NewDesignator=C82
Change Component Designator: OldDesignator=C79 NewDesignator=C83
Change Component Designator: OldDesignator=C80 NewDesignator=C84
Change Component Designator: OldDesignator=C81 NewDesignator=C85
Change Component Designator: OldDesignator=C82 NewDesignator=C86
Change Component Designator: OldDesignator=C83 NewDesignator=C87
Change Component Designator: OldDesignator=C84 NewDesignator=C88
Change Component Designator: OldDesignator=C85 NewDesignator=C89
Change Component Designator: OldDesignator=C86 NewDesignator=C90
Change Component Designator: OldDesignator=C87 NewDesignator=C91
Change Component Designator: OldDesignator=C88 NewDesignator=C92
Change Component Designator: OldDesignator=C89 NewDesignator=C93
Change Component Designator: OldDesignator=C90 NewDesignator=C94
Change Component Designator: OldDesignator=C91 NewDesignator=C95
Change Component Designator: OldDesignator=C92 NewDesignator=C96
Change Component Designator: OldDesignator=C93 NewDesignator=C97
Change Component Designator: OldDesignator=C94 NewDesignator=C98
Change Component Designator: OldDesignator=C95 NewDesignator=C99
Change Component Designator: OldDesignator=C96 NewDesignator=C100
Change Component Designator: OldDesignator=C97 NewDesignator=C101
Change Component Designator: OldDesignator=C98 NewDesignator=C102
Change Component Designator: OldDesignator=C99 NewDesignator=C103
Change Component Designator: OldDesignator=C100 NewDesignator=C104
Change Component Designator: OldDesignator=C101 NewDesignator=C105
Change Component Designator: OldDesignator=C102 NewDesignator=C106
Change Component Designator: OldDesignator=C103 NewDesignator=C107
Change Component Designator: OldDesignator=C104 NewDesignator=C108
Change Component Designator: OldDesignator=C105 NewDesignator=C109
Change Component Designator: OldDesignator=C106 NewDesignator=C110
Change Component Designator: OldDesignator=C107 NewDesignator=C111
Change Component Designator: OldDesignator=C108 NewDesignator=C112
Change Component Designator: OldDesignator=C109 NewDesignator=C113
Change Component Designator: OldDesignator=C110 NewDesignator=C114
Change Component Designator: OldDesignator=C111 NewDesignator=C115
Change Component Designator: OldDesignator=C112 NewDesignator=C116
Change Component Designator: OldDesignator=C113 NewDesignator=C117
Change Component Designator: OldDesignator=C114 NewDesignator=C118
Change Component Designator: OldDesignator=C115 NewDesignator=C119
Change Component Designator: OldDesignator=C116 NewDesignator=C120
Change Component Designator: OldDesignator=C117 NewDesignator=C121
Change Component Designator: OldDesignator=C118 NewDesignator=C122
Change Component Designator: OldDesignator=C119 NewDesignator=C123
Change Component Designator: OldDesignator=C120 NewDesignator=C124
Change Component Designator: OldDesignator=C121 NewDesignator=C125
Change Component Designator: OldDesignator=C122 NewDesignator=C126
Change Component Designator: OldDesignator=C123 NewDesignator=C127
Change Component Designator: OldDesignator=C124 NewDesignator=C128
Change Component Designator: OldDesignator=C125 NewDesignator=C129
Change Component Designator: OldDesignator=C126 NewDesignator=C130
Change Component Designator: OldDesignator=C127 NewDesignator=C131
Change Component Designator: OldDesignator=C128 NewDesignator=C132
Change Component Designator: OldDesignator=C129 NewDesignator=C133
Change Component Designator: OldDesignator=C130 NewDesignator=C134
Change Component Designator: OldDesignator=C131 NewDesignator=C135
Change Component Designator: OldDesignator=C132 NewDesignator=C136
Change Component Designator: OldDesignator=C133 NewDesignator=C137
Change Component Designator: OldDesignator=C134 NewDesignator=C138
Change Component Designator: OldDesignator=C135 NewDesignator=C139
Change Component Designator: OldDesignator=C136 NewDesignator=C140
Change Component Designator: OldDesignator=C137 NewDesignator=C141
Change Component Designator: OldDesignator=C138 NewDesignator=C142
Change Component Designator: OldDesignator=C139 NewDesignator=C143
Change Component Designator: OldDesignator=C140 NewDesignator=C19
Change Component Designator: OldDesignator=C141 NewDesignator=C21
Change Component Designator: OldDesignator=C142 NewDesignator=C23
Change Component Designator: OldDesignator=C143 NewDesignator=C58
Change Component Designator: OldDesignator=R47 NewDesignator=R48
Change Component Designator: OldDesignator=R48 NewDesignator=R49
Change Component Designator: OldDesignator=R49 NewDesignator=R50
Change Component Designator: OldDesignator=R50 NewDesignator=R51
Change Component Designator: OldDesignator=R51 NewDesignator=R52
Change Component Designator: OldDesignator=R52 NewDesignator=R53
Change Component Designator: OldDesignator=R53 NewDesignator=R54
Change Component Designator: OldDesignator=R54 NewDesignator=R55
Change Component Designator: OldDesignator=R55 NewDesignator=R56
Change Component Designator: OldDesignator=R56 NewDesignator=R57
Change Component Designator: OldDesignator=R57 NewDesignator=R58
Change Component Designator: OldDesignator=R58 NewDesignator=R59
Change Component Designator: OldDesignator=R59 NewDesignator=R60
Change Component Designator: OldDesignator=R60 NewDesignator=R61
Change Component Designator: OldDesignator=R61 NewDesignator=R62
Change Component Designator: OldDesignator=R62 NewDesignator=R63
Change Component Designator: OldDesignator=R63 NewDesignator=R64
Change Component Designator: OldDesignator=R64 NewDesignator=R65
Change Component Designator: OldDesignator=R65 NewDesignator=R47
Change Component Designator: OldDesignator=SW1 NewDesignator=SW2
Change Component Designator: OldDesignator=SW2 NewDesignator=SW1
Added Component: Designator=JP4(XT30PW-M)
Added Pin To Net: NetName=5V Pin=JP3-1
Added Pin To Net: NetName=PGND Pin=JP3-2
Added Pin To Net: NetName=Vpower Pin=JP4-1
Added Pin To Net: NetName=PGND Pin=JP4-2
Change Net Name : Old Net Name=NetC27_1 New Net Name=NetC30_1
Change Net Name : Old Net Name=NetC31_1 New Net Name=NetC34_1
Change Net Name : Old Net Name=NetC31_2 New Net Name=NetC34_2
Change Net Name : Old Net Name=NetC38_2 New Net Name=NetC41_2
Change Net Name : Old Net Name=NetC43_2 New Net Name=NetC46_2
Change Net Name : Old Net Name=NetC46_1 New Net Name=NetC49_1
Change Net Name : Old Net Name=NetC47_1 New Net Name=NetC50_1
Change Net Name : Old Net Name=NetC48_1 New Net Name=NetC51_1
Change Net Name : Old Net Name=NetC52_1 New Net Name=NetC55_1
Change Net Name : Old Net Name=NetC133_1 New Net Name=NetC137_1
Change Net Name : Old Net Name=NetC135_2 New Net Name=NetC139_2
Change Net Name : Old Net Name=NetC136_2 New Net Name=NetC140_2
Change Net Name : Old Net Name=NetR53_2 New Net Name=NetR54_2
Change Net Name : Old Net Name=NetR54_1 New Net Name=NetR55_1
Change Net Name : Old Net Name=NetR58_2 New Net Name=NetR59_2
Change Net Name : Old Net Name=NetR59_2 New Net Name=NetR60_2
Change Net Name : Old Net Name=NetR61_1 New Net Name=NetR62_1
Added Member To Class: ClassName=Power Member=Component C15 1uF
Added Member To Class: ClassName=Power Member=Component C16 1uF
Added Member To Class: ClassName=Power Member=Component C17 1uF
Added Member To Class: ClassName=Power Member=Component C18 22uF
Added Member To Class: ClassName=Power Member=Component C20 22uF
Added Member To Class: ClassName=Power Member=Component C22 22uF
Added Member To Class: ClassName=Power Member=Component C24 22uF
Added Member To Class: ClassName=Power Member=Component C25 100nF
Added Member To Class: ClassName=Power Member=Component C26 22uF
Added Member To Class: ClassName=Power Member=Component C28 22uF
Added Member To Class: ClassName=Power Member=Component C30 4.7pF
Added Member To Class: ClassName=Power Member=Component C32 10uF
Added Member To Class: ClassName=Power Member=Component C34 330pF
Added Member To Class: ClassName=Power Member=Component C36 2.2uF
Added Member To Class: ClassName=IMU Member=Component C37 100nF
Added Member To Class: ClassName=IMU Member=Component C39 100nF
Added Member To Class: ClassName=IMU Member=Component C40 10nF
Added Member To Class: ClassName=IMU Member=Component C41 100nF
Added Member To Class: ClassName=Ethernet Member=Component C54 100nF
Added Member To Class: ClassName=FPGA Member=Component C122 100nF
Added Member To Class: ClassName=Mother Board Main Member=Component H3 HOLE
Added Member To Class: ClassName=Power Member=Component JP4 XT_0__
Added Member To Class: ClassName=Power Member=Component L2 4.7uH
Added Member To Class: ClassName=Power Member=Component R10 200K
Added Member To Class: ClassName=Power Member=Component R13 1.21K
Added Member To Class: ClassName=Power Member=Component R15 12.4K
Added Member To Class: ClassName=Power Member=Component R16 100K
Added Member To Class: ClassName=Power Member=Component R17 100K
Added Member To Class: ClassName=Power Member=Component R18 100K
Added Member To Class: ClassName=Power Member=Component R19 40.2K
Added Member To Class: ClassName=Power Member=Component R20 40.2K
Added Member To Class: ClassName=Power Member=Component R21 20.5K
Added Member To Class: ClassName=Power Member=Component R22 40.2K
Added Member To Class: ClassName=Power Member=Component R23 59K
Added Member To Class: ClassName=Power Member=Component R24 120K
Added Member To Class: ClassName=Power Member=Component R25 13K
Added Member To Class: ClassName=Power Member=Component R26 19.1K
Added Member To Class: ClassName=Power Member=Component R27 41.2K
Added Member To Class: ClassName=Power Member=Component R28 1.8M
Added Member To Class: ClassName=Power Member=Component R30 12¦¸
Added Member To Class: ClassName=Power Member=Component R31 499K
Added Member To Class: ClassName=Power Member=Component R32 499K
Added Member To Class: ClassName=Power Member=Component R33 10K
Added Member To Class: ClassName=Power Member=Component R34 12¦¸
Added Member To Class: ClassName=Ethernet Member=Component R35 510
Added Member To Class: ClassName=FPGA Member=Component R60 33¦¸
Added Member To Class: ClassName=Power Member=Component U4 MP1471A
Added Member To Class: ClassName=Power Member=Component U5 MP1471A
Added Member To Class: ClassName=Power Member=Component U6 MP1471A
Added Member To Class: ClassName=Power Member=Component U7 TPS61041
Added Member To Class: ClassName=IMU Member=Component U9 BMP280
