Change Component Designator: Old Designator=C15 New Designator=C27
Change Component Designator: Old Designator=C16 New Designator=C28
Change Component Designator: Old Designator=C17 New Designator=C29
Change Component Designator: Old Designator=C18 New Designator=C30
Change Component Designator: Old Designator=C19 New Designator=C31
Change Component Designator: Old Designator=C20 New Designator=C32
Change Component Designator: Old Designator=C21 New Designator=C33
Change Component Designator: Old Designator=C44 New Designator=C15
Change Component Designator: Old Designator=C46 New Designator=C16
Change Component Designator: Old Designator=C47 New Designator=C17
Change Component Designator: Old Designator=C51 New Designator=C18
Change Component Designator: Old Designator=C93 New Designator=C19
Change Component Designator: Old Designator=C95 New Designator=C20
Change Component Designator: Old Designator=C99 New Designator=C21
Change Component Designator: Old Designator=C109 New Designator=C22
Change Component Designator: Old Designator=C112 New Designator=C23
Change Component Designator: Old Designator=C113 New Designator=C24
Change Component Designator: Old Designator=C114 New Designator=C25
Change Component Designator: Old Designator=C115 New Designator=C26
Change Component Designator: Old Designator=JP8 New Designator=JP4
Change Component Designator: Old Designator=L2 New Designator=L5
Change Component Designator: Old Designator=L3 New Designator=L2
Change Component Designator: Old Designator=L4 New Designator=L3
Change Component Designator: Old Designator=L5 New Designator=L4
Change Component Designator: Old Designator=R8 New Designator=R16
Change Component Designator: Old Designator=R10 New Designator=R9
Change Component Designator: Old Designator=R11 New Designator=R10
Change Component Designator: Old Designator=R12 New Designator=R11
Change Component Designator: Old Designator=R13 New Designator=R12
Change Component Designator: Old Designator=R14 New Designator=R13
Change Component Designator: Old Designator=R15 New Designator=R14
Change Component Designator: Old Designator=R16 New Designator=R15
Change Component Designator: Old Designator=R17 New Designator=R28
Change Component Designator: Old Designator=R18 New Designator=R31
Change Component Designator: Old Designator=R19 New Designator=R29
Change Component Designator: Old Designator=R20 New Designator=R32
Change Component Designator: Old Designator=R21 New Designator=R30
Change Component Designator: Old Designator=R22 New Designator=R33
Change Component Designator: Old Designator=R23 New Designator=R34
Change Component Designator: Old Designator=R36 New Designator=R17
Change Component Designator: Old Designator=R37 New Designator=R18
Change Component Designator: Old Designator=R38 New Designator=R19
Change Component Designator: Old Designator=R39 New Designator=R20
Change Component Designator: Old Designator=R40 New Designator=R21
Change Component Designator: Old Designator=R41 New Designator=R22
Change Component Designator: Old Designator=R42 New Designator=R23
Change Component Designator: Old Designator=R43 New Designator=R24
Change Component Designator: Old Designator=R44 New Designator=R25
Change Component Designator: Old Designator=R45 New Designator=R26
Change Component Designator: Old Designator=R46 New Designator=R27
Change Component Designator: Old Designator=U4 New Designator=U7
Change Component Designator: Old Designator=U5 New Designator=U8
Change Component Designator: Old Designator=U11 New Designator=U4
Change Component Designator: Old Designator=U12 New Designator=U5
Change Component Designator: Old Designator=U13 New Designator=U6
