Change Component Designator: Old Designator=C9 New Designator=C55
Change Component Designator: Old Designator=C13 New Designator=C56
Change Component Designator: Old Designator=C16 New Designator=C57
Change Component Designator: Old Designator=C17 New Designator=C58
Change Component Designator: Old Designator=C18 New Designator=C59
Change Component Designator: Old Designator=C19 New Designator=C60
Change Component Designator: Old Designator=C20 New Designator=C61
Change Component Designator: Old Designator=C21 New Designator=C62
Change Component Designator: Old Designator=C22 New Designator=C63
Change Component Designator: Old Designator=C23 New Designator=C64
Change Component Designator: Old Designator=C24 New Designator=C65
Change Component Designator: Old Designator=C25 New Designator=C66
Change Component Designator: Old Designator=C26 New Designator=C67
Change Component Designator: Old Designator=C27 New Designator=C68
Change Component Designator: Old Designator=C28 New Designator=C69
Change Component Designator: Old Designator=C29 New Designator=C70
Change Component Designator: Old Designator=C30 New Designator=C71
Change Component Designator: Old Designator=C31 New Designator=C72
Change Component Designator: Old Designator=C32 New Designator=C73
Change Component Designator: Old Designator=C33 New Designator=C74
Change Component Designator: Old Designator=C34 New Designator=C85
Change Component Designator: Old Designator=C36 New Designator=C75
Change Component Designator: Old Designator=C38 New Designator=C76
Change Component Designator: Old Designator=C39 New Designator=C77
Change Component Designator: Old Designator=C41 New Designator=C78
Change Component Designator: Old Designator=C43 New Designator=C79
Change Component Designator: Old Designator=C45 New Designator=C80
Change Component Designator: Old Designator=C48 New Designator=C81
Change Component Designator: Old Designator=C49 New Designator=C82
Change Component Designator: Old Designator=C50 New Designator=C83
Change Component Designator: Old Designator=C52 New Designator=C84
Change Component Designator: Old Designator=C53 New Designator=C86
Change Component Designator: Old Designator=C54 New Designator=C101
Change Component Designator: Old Designator=C55 New Designator=C102
Change Component Designator: Old Designator=C56 New Designator=C103
Change Component Designator: Old Designator=C57 New Designator=C104
Change Component Designator: Old Designator=C58 New Designator=C105
Change Component Designator: Old Designator=C59 New Designator=C106
Change Component Designator: Old Designator=C60 New Designator=C107
Change Component Designator: Old Designator=C61 New Designator=C108
Change Component Designator: Old Designator=C62 New Designator=C109
Change Component Designator: Old Designator=C63 New Designator=C110
Change Component Designator: Old Designator=C64 New Designator=C111
Change Component Designator: Old Designator=C65 New Designator=C112
Change Component Designator: Old Designator=C66 New Designator=C113
Change Component Designator: Old Designator=C67 New Designator=C114
Change Component Designator: Old Designator=C68 New Designator=C115
Change Component Designator: Old Designator=C69 New Designator=C116
Change Component Designator: Old Designator=C70 New Designator=C117
Change Component Designator: Old Designator=C71 New Designator=C118
Change Component Designator: Old Designator=C72 New Designator=C119
Change Component Designator: Old Designator=C73 New Designator=C120
Change Component Designator: Old Designator=C74 New Designator=C121
Change Component Designator: Old Designator=C96 New Designator=C87
Change Component Designator: Old Designator=C97 New Designator=C88
Change Component Designator: Old Designator=C98 New Designator=C89
Change Component Designator: Old Designator=C100 New Designator=C90
Change Component Designator: Old Designator=C101 New Designator=C91
Change Component Designator: Old Designator=C102 New Designator=C92
Change Component Designator: Old Designator=C103 New Designator=C93
Change Component Designator: Old Designator=C104 New Designator=C94
Change Component Designator: Old Designator=C105 New Designator=C95
Change Component Designator: Old Designator=C106 New Designator=C96
Change Component Designator: Old Designator=C107 New Designator=C97
Change Component Designator: Old Designator=C108 New Designator=C98
Change Component Designator: Old Designator=C110 New Designator=C99
Change Component Designator: Old Designator=C111 New Designator=C100
Change Component Designator: Old Designator=FB1 New Designator=FB2
Change Component Designator: Old Designator=JP1 New Designator=JP6
Change Component Designator: Old Designator=R13 New Designator=R47
Change Component Designator: Old Designator=R14 New Designator=R48
Change Component Designator: Old Designator=R15 New Designator=R49
Change Component Designator: Old Designator=R16 New Designator=R50
Change Component Designator: Old Designator=R17 New Designator=R52
Change Component Designator: Old Designator=R18 New Designator=R51
Change Component Designator: Old Designator=R19 New Designator=R56
Change Component Designator: Old Designator=R23 New Designator=R53
Change Component Designator: Old Designator=R24 New Designator=R54
Change Component Designator: Old Designator=R25 New Designator=R55
Change Component Designator: Old Designator=U5 New Designator=U14
Change Component Designator: Old Designator=U5 New Designator=U14
Change Component Designator: Old Designator=U5 New Designator=U14
Change Component Designator: Old Designator=U5 New Designator=U14
Change Component Designator: Old Designator=U5 New Designator=U14
Change Component Designator: Old Designator=U5 New Designator=U14
Change Component Designator: Old Designator=U5 New Designator=U14
Change Component Designator: Old Designator=U5 New Designator=U14
Change Component Designator: Old Designator=U5 New Designator=U14
Change Component Designator: Old Designator=U5 New Designator=U14
Change Component Designator: Old Designator=U5 New Designator=U14
Change Component Designator: Old Designator=U5 New Designator=U14
Change Component Designator: Old Designator=U5 New Designator=U14
Change Component Designator: Old Designator=U6 New Designator=U15
