Removed Pin From Net: NetName=Motor PE_D1 Pin=H5-1
Removed Pin From Net: NetName=Motor PE_D1 Pin=H5-1
Removed Pin From Net: NetName=Motor PE_D1 Pin=H5-1
Removed Pin From Net: NetName=Motor PE_D1 Pin=H5-1
Removed Pin From Net: NetName=Motor PE_D1 Pin=H5-1
Removed Pin From Net: NetName=Motor PE_D1 Pin=H5-1
Removed Pin From Net: NetName=Motor PE_D1 Pin=H5-1
Removed Pin From Net: NetName=Motor PE_D1 Pin=H5-1
Removed Pin From Net: NetName=Motor PE_D1 Pin=H5-1
Removed Pin From Net: NetName=Motor PE_D3 Pin=H6-1
Removed Pin From Net: NetName=Motor PE_D3 Pin=H6-1
Removed Pin From Net: NetName=Motor PE_D3 Pin=H6-1
Removed Pin From Net: NetName=Motor PE_D3 Pin=H6-1
Removed Pin From Net: NetName=Motor PE_D3 Pin=H6-1
Removed Pin From Net: NetName=Motor PE_D3 Pin=H6-1
Removed Pin From Net: NetName=Motor PE_D3 Pin=H6-1
Removed Pin From Net: NetName=Motor PE_D3 Pin=H6-1
Removed Pin From Net: NetName=Motor PE_D3 Pin=H6-1
Removed Pin From Net: NetName=Motor PE_D1 Pin=JP7_D2-1
Removed Pin From Net: NetName=Motor PE_D3 Pin=JP7_D4-1
Removed Member From Class: ClassName=Mother Board Main Member=H5
Removed Member From Class: ClassName=Mother Board Main Member=H6
Added Pin To Net: NetName=Motor PE_D2 Pin=JP7_D2-1
Added Net: Name=Motor PE_D2
Added Pin To Net: NetName=Motor PE_D4 Pin=JP7_D4-1
Added Net: Name=Motor PE_D4
