Removed Pin From Net: NetName=GND Pin=C3-2
Removed Pin From Net: NetName=GND Pin=C4-2
Removed Pin From Net: NetName=GND Pin=C5-2
Removed Pin From Net: NetName=GND Pin=C6-2
Removed Pin From Net: NetName=GND Pin=C7-2
Removed Pin From Net: NetName=GND Pin=C12-2
Removed Pin From Net: NetName=GND Pin=C13-2
Removed Pin From Net: NetName=GND Pin=CP1-2
Removed Pin From Net: NetName=GND Pin=CP3-1
Removed Pin From Net: NetName=Vin Pin=CP3-2
Removed Pin From Net: NetName=Vin Pin=M1-D
Removed Pin From Net: NetName=Vin Pin=M1-D
Removed Pin From Net: NetName=Vin Pin=M1-D
Removed Pin From Net: NetName=Vin Pin=M1-D
Removed Pin From Net: NetName=Vin Pin=M1-D
Removed Pin From Net: NetName=GND Pin=RS1-1
Removed Pin From Net: NetName=GND Pin=RS2-1
Removed Pin From Net: NetName=GND Pin=U2-11
Removed Pin From Net: NetName=GND Pin=U2-13
Removed Pin From Net: NetName=GND Pin=U2-14
Removed Pin From Net: NetName=GND Pin=U2-21
Added Pin To Net: NetName=PGND Pin=C3-2
Added Pin To Net: NetName=PGND Pin=C4-2
Added Pin To Net: NetName=PGND Pin=C5-2
Added Pin To Net: NetName=PGND Pin=C6-2
Added Pin To Net: NetName=PGND Pin=C7-2
Added Pin To Net: NetName=PGND Pin=C12-2
Added Pin To Net: NetName=PGND Pin=C13-2
Added Pin To Net: NetName=PGND Pin=CP1-2
Added Pin To Net: NetName=PGND Pin=CP3-1
Added Pin To Net: NetName=Vpower Pin=CP3-2
Added Pin To Net: NetName=PGND Pin=RS1-1
Added Pin To Net: NetName=PGND Pin=RS2-1
Added Pin To Net: NetName=PGND Pin=U2-11
Added Pin To Net: NetName=PGND Pin=U2-13
Added Pin To Net: NetName=PGND Pin=U2-14
Added Pin To Net: NetName=PGND Pin=U2-21
