Removed Pin From Net: NetName=GND Pin=C2-1
Removed Pin From Net: NetName=3V3 Pin=C2-2
Removed Pin From Net: NetName=GND Pin=LED1-K
Removed Pin From Net: NetName=GND Pin=R7-1
Removed Pin From Net: NetName=Bluetooth KEY Pin=R7-2
Removed Pin From Net: NetName=Bluetooth TXD Pin=U2-1
Removed Pin From Net: NetName=Bluetooth RXD Pin=U2-2
Removed Pin From Net: NetName=3V3 Pin=U2-12
Removed Pin From Net: NetName=GND Pin=U2-13
Removed Pin From Net: NetName=Bluetooth KEY Pin=U2-18
Removed Member From Class: ClassName=Bluetooth Member=LED1
Removed Member From Class: ClassName=Bluetooth Member=R8
Change Component Footprint: Designator=C2 Old Footprint=C0603 New Footprint=C0805
Change Component Footprint: Designator=U2 Old Footprint=HC-42 New Footprint=NRF24L01+
Change Component Comment : Designator=C2 Old Comment=1uF New Comment=10uF
Change Component Comment : Designator=R7 Old Comment=10K New Comment=0¦¸
Change Component Comment : Designator=U2 Old Comment=HC-42 New Comment=NRF24L01+
Added Component: Designator=C144(C0603)
Added Pin To Net: NetName=3V3 Pin=C2-1
Added Pin To Net: NetName=3V3 Pin=C144-1
Added Pin To Net: NetName=GND Pin=R7-2
Added Pin To Net: NetName=3V3 Pin=U2-1
Added Pin To Net: NetName=NRF_GND Pin=C2-2
Added Pin To Net: NetName=NRF_GND Pin=C144-2
Added Pin To Net: NetName=NRF_GND Pin=R7-1
Added Pin To Net: NetName=NRF_GND Pin=U2-8
Added Pin To Net: NetName=NRF_GND Pin=U2-9
Added Pin To Net: NetName=NRF_GND Pin=U2-10
Added Net: Name=NRF_GND
Added Pin To Net: NetName=NRF CE Pin=U2-2
Added Net: Name=NRF CE
Added Pin To Net: NetName=NRF CSN Pin=U2-3
Added Net: Name=NRF CSN
Added Pin To Net: NetName=NRF IRQ Pin=U2-7
Added Net: Name=NRF IRQ
Added Pin To Net: NetName=NRF MISO Pin=U2-6
Added Net: Name=NRF MISO
Added Pin To Net: NetName=NRF MOSI Pin=U2-5
Added Net: Name=NRF MOSI
Added Pin To Net: NetName=NRF SCK Pin=U2-4
Added Net: Name=NRF SCK
Change Class Name : Old Net Name=Bluetooth New Net Name=NRF24L01
Added Member To Class: ClassName=NRF24L01 Member=Component C144 0.1uF
Added Room: Name=NRF24L01
