Removed Pin From Net: NetName=DataC_D1 Pin=JP5_D1-3
Removed Pin From Net: NetName=INc_D1 Pin=JP5_D1-4
Removed Pin From Net: NetName=ClkC_D1 Pin=JP5_D1-5
Removed Pin From Net: NetName=SDc_D1 Pin=JP5_D1-6
Removed Pin From Net: NetName=12V Pin=JP5_D1-9
Removed Pin From Net: NetName=12V Pin=JP5_D1-11
Removed Pin From Net: NetName=INb_D1 Pin=JP5_D1-12
Removed Pin From Net: NetName=3V3 Pin=JP5_D1-13
Removed Pin From Net: NetName=SDb_D1 Pin=JP5_D1-14
Removed Pin From Net: NetName=3V3 Pin=JP5_D1-15
Removed Pin From Net: NetName=DataA_D1 Pin=JP5_D1-19
Removed Pin From Net: NetName=INa_D1 Pin=JP5_D1-20
Removed Pin From Net: NetName=ClkA_D1 Pin=JP5_D1-21
Removed Pin From Net: NetName=SDa_D1 Pin=JP5_D1-22
Removed Pin From Net: NetName=DataC_D2 Pin=JP5_D2-3
Removed Pin From Net: NetName=INc_D2 Pin=JP5_D2-4
Removed Pin From Net: NetName=ClkC_D2 Pin=JP5_D2-5
Removed Pin From Net: NetName=SDc_D2 Pin=JP5_D2-6
Removed Pin From Net: NetName=12V Pin=JP5_D2-9
Removed Pin From Net: NetName=12V Pin=JP5_D2-11
Removed Pin From Net: NetName=INb_D2 Pin=JP5_D2-12
Removed Pin From Net: NetName=3V3 Pin=JP5_D2-13
Removed Pin From Net: NetName=SDb_D2 Pin=JP5_D2-14
Removed Pin From Net: NetName=3V3 Pin=JP5_D2-15
Removed Pin From Net: NetName=DataA_D2 Pin=JP5_D2-19
Removed Pin From Net: NetName=INa_D2 Pin=JP5_D2-20
Removed Pin From Net: NetName=ClkA_D2 Pin=JP5_D2-21
Removed Pin From Net: NetName=SDa_D2 Pin=JP5_D2-22
Removed Pin From Net: NetName=DataC_D3 Pin=JP5_D3-3
Removed Pin From Net: NetName=INc_D3 Pin=JP5_D3-4
Removed Pin From Net: NetName=ClkC_D3 Pin=JP5_D3-5
Removed Pin From Net: NetName=SDc_D3 Pin=JP5_D3-6
Removed Pin From Net: NetName=12V Pin=JP5_D3-9
Removed Pin From Net: NetName=12V Pin=JP5_D3-11
Removed Pin From Net: NetName=INb_D3 Pin=JP5_D3-12
Removed Pin From Net: NetName=3V3 Pin=JP5_D3-13
Removed Pin From Net: NetName=SDb_D3 Pin=JP5_D3-14
Removed Pin From Net: NetName=3V3 Pin=JP5_D3-15
Removed Pin From Net: NetName=DataA_D3 Pin=JP5_D3-19
Removed Pin From Net: NetName=INa_D3 Pin=JP5_D3-20
Removed Pin From Net: NetName=ClkA_D3 Pin=JP5_D3-21
Removed Pin From Net: NetName=SDa_D3 Pin=JP5_D3-22
Removed Pin From Net: NetName=DataC_D4 Pin=JP5_D4-3
Removed Pin From Net: NetName=INc_D4 Pin=JP5_D4-4
Removed Pin From Net: NetName=ClkC_D4 Pin=JP5_D4-5
Removed Pin From Net: NetName=SDc_D4 Pin=JP5_D4-6
Removed Pin From Net: NetName=12V Pin=JP5_D4-9
Removed Pin From Net: NetName=12V Pin=JP5_D4-11
Removed Pin From Net: NetName=INb_D4 Pin=JP5_D4-12
Removed Pin From Net: NetName=3V3 Pin=JP5_D4-13
Removed Pin From Net: NetName=SDb_D4 Pin=JP5_D4-14
Removed Pin From Net: NetName=3V3 Pin=JP5_D4-15
Removed Pin From Net: NetName=DataA_D4 Pin=JP5_D4-19
Removed Pin From Net: NetName=INa_D4 Pin=JP5_D4-20
Removed Pin From Net: NetName=ClkA_D4 Pin=JP5_D4-21
Removed Pin From Net: NetName=SDa_D4 Pin=JP5_D4-22
Added Pin To Net: NetName=ClkA_D1 Pin=JP5_D1-3
Added Pin To Net: NetName=SDa_D1 Pin=JP5_D1-4
Added Pin To Net: NetName=DataA_D1 Pin=JP5_D1-5
Added Pin To Net: NetName=INa_D1 Pin=JP5_D1-6
Added Pin To Net: NetName=3V3 Pin=JP5_D1-9
Added Pin To Net: NetName=3V3 Pin=JP5_D1-11
Added Pin To Net: NetName=SDb_D1 Pin=JP5_D1-12
Added Pin To Net: NetName=12V Pin=JP5_D1-13
Added Pin To Net: NetName=INb_D1 Pin=JP5_D1-14
Added Pin To Net: NetName=12V Pin=JP5_D1-15
Added Pin To Net: NetName=ClkC_D1 Pin=JP5_D1-19
Added Pin To Net: NetName=SDc_D1 Pin=JP5_D1-20
Added Pin To Net: NetName=DataC_D1 Pin=JP5_D1-21
Added Pin To Net: NetName=INc_D1 Pin=JP5_D1-22
Added Pin To Net: NetName=ClkA_D2 Pin=JP5_D2-3
Added Pin To Net: NetName=SDa_D2 Pin=JP5_D2-4
Added Pin To Net: NetName=DataA_D2 Pin=JP5_D2-5
Added Pin To Net: NetName=INa_D2 Pin=JP5_D2-6
Added Pin To Net: NetName=3V3 Pin=JP5_D2-9
Added Pin To Net: NetName=3V3 Pin=JP5_D2-11
Added Pin To Net: NetName=SDb_D2 Pin=JP5_D2-12
Added Pin To Net: NetName=12V Pin=JP5_D2-13
Added Pin To Net: NetName=INb_D2 Pin=JP5_D2-14
Added Pin To Net: NetName=12V Pin=JP5_D2-15
Added Pin To Net: NetName=ClkC_D2 Pin=JP5_D2-19
Added Pin To Net: NetName=SDc_D2 Pin=JP5_D2-20
Added Pin To Net: NetName=DataC_D2 Pin=JP5_D2-21
Added Pin To Net: NetName=INc_D2 Pin=JP5_D2-22
Added Pin To Net: NetName=ClkA_D3 Pin=JP5_D3-3
Added Pin To Net: NetName=SDa_D3 Pin=JP5_D3-4
Added Pin To Net: NetName=DataA_D3 Pin=JP5_D3-5
Added Pin To Net: NetName=INa_D3 Pin=JP5_D3-6
Added Pin To Net: NetName=3V3 Pin=JP5_D3-9
Added Pin To Net: NetName=3V3 Pin=JP5_D3-11
Added Pin To Net: NetName=SDb_D3 Pin=JP5_D3-12
Added Pin To Net: NetName=12V Pin=JP5_D3-13
Added Pin To Net: NetName=INb_D3 Pin=JP5_D3-14
Added Pin To Net: NetName=12V Pin=JP5_D3-15
Added Pin To Net: NetName=ClkC_D3 Pin=JP5_D3-19
Added Pin To Net: NetName=SDc_D3 Pin=JP5_D3-20
Added Pin To Net: NetName=DataC_D3 Pin=JP5_D3-21
Added Pin To Net: NetName=INc_D3 Pin=JP5_D3-22
Added Pin To Net: NetName=ClkA_D4 Pin=JP5_D4-3
Added Pin To Net: NetName=SDa_D4 Pin=JP5_D4-4
Added Pin To Net: NetName=DataA_D4 Pin=JP5_D4-5
Added Pin To Net: NetName=INa_D4 Pin=JP5_D4-6
Added Pin To Net: NetName=3V3 Pin=JP5_D4-9
Added Pin To Net: NetName=3V3 Pin=JP5_D4-11
Added Pin To Net: NetName=SDb_D4 Pin=JP5_D4-12
Added Pin To Net: NetName=12V Pin=JP5_D4-13
Added Pin To Net: NetName=INb_D4 Pin=JP5_D4-14
Added Pin To Net: NetName=12V Pin=JP5_D4-15
Added Pin To Net: NetName=ClkC_D4 Pin=JP5_D4-19
Added Pin To Net: NetName=SDc_D4 Pin=JP5_D4-20
Added Pin To Net: NetName=DataC_D4 Pin=JP5_D4-21
Added Pin To Net: NetName=INc_D4 Pin=JP5_D4-22
